mode: set
github.com/domitara/domitara/apps/api/internal/service/token.go:26.63,28.2 1 1
github.com/domitara/domitara/apps/api/internal/service/token.go:29.57,31.2 1 0
github.com/domitara/domitara/apps/api/internal/service/token.go:32.58,32.77 1 1
github.com/domitara/domitara/apps/api/internal/service/token.go:33.58,33.76 1 0
github.com/domitara/domitara/apps/api/internal/service/token.go:34.58,34.102 1 0
github.com/domitara/domitara/apps/api/internal/service/token.go:35.58,35.77 1 0
github.com/domitara/domitara/apps/api/internal/service/token.go:37.62,39.2 1 1
github.com/domitara/domitara/apps/api/internal/service/token.go:41.59,42.89 1 1
github.com/domitara/domitara/apps/api/internal/service/token.go:42.89,43.54 1 1
github.com/domitara/domitara/apps/api/internal/service/token.go:43.54,45.4 1 0
github.com/domitara/domitara/apps/api/internal/service/token.go:46.3,46.29 1 1
github.com/domitara/domitara/apps/api/internal/service/token.go:48.2,48.16 1 1
github.com/domitara/domitara/apps/api/internal/service/token.go:48.16,49.42 1 1
github.com/domitara/domitara/apps/api/internal/service/token.go:49.42,51.4 1 1
github.com/domitara/domitara/apps/api/internal/service/token.go:52.3,52.35 1 1
github.com/domitara/domitara/apps/api/internal/service/token.go:54.2,55.25 2 1
github.com/domitara/domitara/apps/api/internal/service/token.go:55.25,57.3 1 0
github.com/domitara/domitara/apps/api/internal/service/token.go:58.2,58.16 1 1
github.com/domitara/domitara/apps/api/internal/service/token.go:61.26,63.2 1 1
github.com/domitara/domitara/apps/api/internal/api/middleware/auth.go:23.57,24.71 1 0
github.com/domitara/domitara/apps/api/internal/api/middleware/auth.go:24.71,27.3 2 0
github.com/domitara/domitara/apps/api/internal/api/middleware/auth.go:31.65,34.2 2 0
github.com/domitara/domitara/apps/api/internal/api/middleware/auth.go:39.69,40.46 1 1
github.com/domitara/domitara/apps/api/internal/api/middleware/auth.go:40.46,41.72 1 1
github.com/domitara/domitara/apps/api/internal/api/middleware/auth.go:41.72,43.52 2 1
github.com/domitara/domitara/apps/api/internal/api/middleware/auth.go:43.52,45.5 1 1
github.com/domitara/domitara/apps/api/internal/api/middleware/auth.go:45.10,45.88 1 1
github.com/domitara/domitara/apps/api/internal/api/middleware/auth.go:45.88,47.5 1 1
github.com/domitara/domitara/apps/api/internal/api/middleware/auth.go:48.4,48.22 1 1
github.com/domitara/domitara/apps/api/internal/api/middleware/auth.go:48.22,49.76 1 1
github.com/domitara/domitara/apps/api/internal/api/middleware/auth.go:49.76,51.6 1 1
github.com/domitara/domitara/apps/api/internal/api/middleware/auth.go:53.4,53.24 1 1
github.com/domitara/domitara/apps/api/internal/api/middleware/auth.go:59.60,62.2 2 1
github.com/domitara/domitara/apps/api/internal/api/middleware/auth.go:65.63,67.9 2 1
github.com/domitara/domitara/apps/api/internal/api/middleware/auth.go:67.9,69.3 1 1
github.com/domitara/domitara/apps/api/internal/api/middleware/auth.go:70.2,70.15 1 1
github.com/domitara/domitara/apps/api/internal/api/middleware/auth.go:74.64,76.16 2 1
github.com/domitara/domitara/apps/api/internal/api/middleware/auth.go:76.16,78.3 1 0
github.com/domitara/domitara/apps/api/internal/api/middleware/auth.go:79.2,79.23 1 1
github.com/domitara/domitara/apps/api/internal/api/middleware/auth.go:79.23,81.3 1 1
github.com/domitara/domitara/apps/api/internal/api/middleware/auth.go:82.2,82.15 1 1
github.com/domitara/domitara/apps/api/internal/api/middleware/auth.go:86.53,87.71 1 1
github.com/domitara/domitara/apps/api/internal/api/middleware/auth.go:87.71,88.52 1 1
github.com/domitara/domitara/apps/api/internal/api/middleware/auth.go:88.52,90.4 1 1
github.com/domitara/domitara/apps/api/internal/api/middleware/auth.go:91.3,91.23 1 1
github.com/domitara/domitara/apps/api/internal/api/middleware/auth.go:96.48,99.2 2 1
github.com/domitara/domitara/apps/api/internal/api/handler/admin.go:24.89,25.50 1 0
github.com/domitara/domitara/apps/api/internal/api/handler/admin.go:25.50,27.3 1 0
github.com/domitara/domitara/apps/api/internal/api/handler/admin.go:28.2,30.18 3 0
github.com/domitara/domitara/apps/api/internal/api/handler/admin.go:30.18,36.3 4 0
github.com/domitara/domitara/apps/api/internal/api/handler/admin.go:36.8,42.3 4 0
github.com/domitara/domitara/apps/api/internal/api/handler/admin.go:43.2,43.17 1 0
github.com/domitara/domitara/apps/api/internal/api/handler/admin.go:48.90,49.51 1 0
github.com/domitara/domitara/apps/api/internal/api/handler/admin.go:49.51,51.3 1 0
github.com/domitara/domitara/apps/api/internal/api/handler/admin.go:52.2,53.16 2 0
github.com/domitara/domitara/apps/api/internal/api/handler/admin.go:53.16,55.3 1 0
github.com/domitara/domitara/apps/api/internal/api/handler/admin.go:56.2,57.26 2 0
github.com/domitara/domitara/apps/api/internal/api/handler/admin.go:57.26,59.3 1 0
github.com/domitara/domitara/apps/api/internal/api/handler/admin.go:60.2,60.38 1 0
github.com/domitara/domitara/apps/api/internal/api/handler/admin.go:72.104,73.51 1 0
github.com/domitara/domitara/apps/api/internal/api/handler/admin.go:73.51,75.3 1 0
github.com/domitara/domitara/apps/api/internal/api/handler/admin.go:76.2,77.16 2 0
github.com/domitara/domitara/apps/api/internal/api/handler/admin.go:77.16,79.3 1 0
github.com/domitara/domitara/apps/api/internal/api/handler/admin.go:80.2,86.16 2 0
github.com/domitara/domitara/apps/api/internal/api/handler/admin.go:86.16,88.3 1 0
github.com/domitara/domitara/apps/api/internal/api/handler/admin.go:89.2,89.49 1 0
github.com/domitara/domitara/apps/api/internal/api/handler/admin.go:104.104,105.51 1 0
github.com/domitara/domitara/apps/api/internal/api/handler/admin.go:105.51,107.3 1 0
github.com/domitara/domitara/apps/api/internal/api/handler/admin.go:108.2,109.16 2 0
github.com/domitara/domitara/apps/api/internal/api/handler/admin.go:109.16,110.27 1 0
github.com/domitara/domitara/apps/api/internal/api/handler/admin.go:110.27,112.4 1 0
github.com/domitara/domitara/apps/api/internal/api/handler/admin.go:113.3,113.85 1 0
github.com/domitara/domitara/apps/api/internal/api/handler/admin.go:115.2,115.113 1 0
github.com/domitara/domitara/apps/api/internal/api/handler/admin.go:115.113,117.3 1 0
github.com/domitara/domitara/apps/api/internal/api/handler/admin.go:118.2,119.49 2 0
github.com/domitara/domitara/apps/api/internal/api/handler/admin.go:122.100,124.16 2 0
github.com/domitara/domitara/apps/api/internal/api/handler/admin.go:124.16,126.3 1 0
github.com/domitara/domitara/apps/api/internal/api/handler/admin.go:127.2,127.28 1 0
github.com/domitara/domitara/apps/api/internal/api/handler/admin.go:127.28,129.3 1 0
github.com/domitara/domitara/apps/api/internal/api/handler/admin.go:130.2,130.54 1 0
github.com/domitara/domitara/apps/api/internal/api/handler/admin.go:130.54,132.3 1 0
github.com/domitara/domitara/apps/api/internal/api/handler/admin.go:133.2,133.17 1 0
github.com/domitara/domitara/apps/api/internal/api/handler/auth.go:38.86,40.16 2 0
github.com/domitara/domitara/apps/api/internal/api/handler/auth.go:40.16,42.3 1 0
github.com/domitara/domitara/apps/api/internal/api/handler/auth.go:43.2,43.110 1 0
github.com/domitara/domitara/apps/api/internal/api/handler/auth.go:43.110,45.3 1 0
github.com/domitara/domitara/apps/api/internal/api/handler/auth.go:46.2,50.16 2 0
github.com/domitara/domitara/apps/api/internal/api/handler/auth.go:50.16,52.3 1 0
github.com/domitara/domitara/apps/api/internal/api/handler/auth.go:53.2,53.49 1 0
github.com/domitara/domitara/apps/api/internal/api/handler/auth.go:53.49,55.3 1 0
github.com/domitara/domitara/apps/api/internal/api/handler/auth.go:56.2,56.51 1 0
github.com/domitara/domitara/apps/api/internal/api/handler/auth.go:59.79,60.49 1 0
github.com/domitara/domitara/apps/api/internal/api/handler/auth.go:60.49,62.3 1 0
github.com/domitara/domitara/apps/api/internal/api/handler/auth.go:63.2,63.17 1 0
github.com/domitara/domitara/apps/api/internal/api/handler/auth.go:66.75,68.16 2 0
github.com/domitara/domitara/apps/api/internal/api/handler/auth.go:68.16,70.3 1 0
github.com/domitara/domitara/apps/api/internal/api/handler/auth.go:71.2,72.16 2 0
github.com/domitara/domitara/apps/api/internal/api/handler/auth.go:72.16,74.3 1 0
github.com/domitara/domitara/apps/api/internal/api/handler/auth.go:75.2,75.49 1 0
github.com/domitara/domitara/apps/api/internal/api/handler/auth.go:78.90,80.16 2 0
github.com/domitara/domitara/apps/api/internal/api/handler/auth.go:80.16,82.3 1 0
github.com/domitara/domitara/apps/api/internal/api/handler/auth.go:83.2,83.40 1 0
github.com/domitara/domitara/apps/api/internal/api/handler/auth.go:83.40,84.18 1 0
github.com/domitara/domitara/apps/api/internal/api/handler/auth.go:84.18,86.4 1 0
github.com/domitara/domitara/apps/api/internal/api/handler/auth.go:87.3,88.17 2 0
github.com/domitara/domitara/apps/api/internal/api/handler/auth.go:88.17,90.4 1 0
github.com/domitara/domitara/apps/api/internal/api/handler/auth.go:91.3,93.18 1 0
github.com/domitara/domitara/apps/api/internal/api/handler/auth.go:93.18,95.4 1 0
github.com/domitara/domitara/apps/api/internal/api/handler/auth.go:97.2,97.48 1 0
github.com/domitara/domitara/apps/api/internal/api/handler/auth.go:97.48,98.98 1 0
github.com/domitara/domitara/apps/api/internal/api/handler/auth.go:98.98,100.4 1 0
github.com/domitara/domitara/apps/api/internal/api/handler/auth.go:102.2,103.16 2 0
github.com/domitara/domitara/apps/api/internal/api/handler/auth.go:103.16,105.3 1 0
github.com/domitara/domitara/apps/api/internal/api/handler/auth.go:106.2,106.49 1 0
github.com/domitara/domitara/apps/api/internal/api/handler/documents.go:48.107,49.50 1 0
github.com/domitara/domitara/apps/api/internal/api/handler/documents.go:49.50,51.3 1 0
github.com/domitara/domitara/apps/api/internal/api/handler/documents.go:52.2,53.16 2 0
github.com/domitara/domitara/apps/api/internal/api/handler/documents.go:53.16,55.3 1 0
github.com/domitara/domitara/apps/api/internal/api/handler/documents.go:56.2,57.25 2 0
github.com/domitara/domitara/apps/api/internal/api/handler/documents.go:57.25,62.3 1 0
github.com/domitara/domitara/apps/api/internal/api/handler/documents.go:63.2,63.42 1 0
github.com/domitara/domitara/apps/api/internal/api/handler/documents.go:66.102,67.50 1 0
github.com/domitara/domitara/apps/api/internal/api/handler/documents.go:67.50,69.3 1 0
github.com/domitara/domitara/apps/api/internal/api/handler/documents.go:70.2,73.16 2 0
github.com/domitara/domitara/apps/api/internal/api/handler/documents.go:73.16,75.3 1 0
github.com/domitara/domitara/apps/api/internal/api/handler/documents.go:76.2,76.70 1 0
github.com/domitara/domitara/apps/api/internal/api/handler/documents.go:76.70,78.3 1 0
github.com/domitara/domitara/apps/api/internal/api/handler/documents.go:79.2,80.17 2 0
github.com/domitara/domitara/apps/api/internal/api/handler/documents.go:84.74,85.48 1 0
github.com/domitara/domitara/apps/api/internal/api/handler/documents.go:85.48,88.3 2 0
github.com/domitara/domitara/apps/api/internal/api/handler/documents.go:89.2,91.55 2 0
github.com/domitara/domitara/apps/api/internal/api/handler/documents.go:91.55,94.3 2 0
github.com/domitara/domitara/apps/api/internal/api/handler/documents.go:95.2,96.16 2 0
github.com/domitara/domitara/apps/api/internal/api/handler/documents.go:96.16,99.3 2 0
github.com/domitara/domitara/apps/api/internal/api/handler/documents.go:100.2,105.66 5 0
github.com/domitara/domitara/apps/api/internal/api/handler/documents.go:105.66,108.3 2 0
github.com/domitara/domitara/apps/api/internal/api/handler/documents.go:111.2,111.74 1 0
github.com/domitara/domitara/apps/api/internal/api/handler/documents.go:111.74,113.3 1 0
github.com/domitara/domitara/apps/api/internal/api/handler/documents.go:115.2,116.9 2 0
github.com/domitara/domitara/apps/api/internal/api/handler/documents.go:116.9,119.3 2 0
github.com/domitara/domitara/apps/api/internal/api/handler/documents.go:121.2,122.52 2 0
github.com/domitara/domitara/apps/api/internal/api/handler/documents.go:122.52,125.3 2 0
github.com/domitara/domitara/apps/api/internal/api/handler/documents.go:127.2,131.16 3 0
github.com/domitara/domitara/apps/api/internal/api/handler/documents.go:131.16,134.3 2 0
github.com/domitara/domitara/apps/api/internal/api/handler/documents.go:136.2,140.16 4 0
github.com/domitara/domitara/apps/api/internal/api/handler/documents.go:140.16,144.3 3 0
github.com/domitara/domitara/apps/api/internal/api/handler/documents.go:145.2,148.16 3 0
github.com/domitara/domitara/apps/api/internal/api/handler/documents.go:148.16,153.3 4 0
github.com/domitara/domitara/apps/api/internal/api/handler/documents.go:155.2,157.17 1 0
github.com/domitara/domitara/apps/api/internal/api/handler/documents.go:157.17,162.3 4 0
github.com/domitara/domitara/apps/api/internal/api/handler/documents.go:164.2,170.36 4 0
github.com/domitara/domitara/apps/api/internal/api/handler/electrical_breakers.go:65.72,80.2 1 0
github.com/domitara/domitara/apps/api/internal/api/handler/electrical_breakers.go:83.84,85.16 2 0
github.com/domitara/domitara/apps/api/internal/api/handler/electrical_breakers.go:85.16,87.3 1 0
github.com/domitara/domitara/apps/api/internal/api/handler/electrical_breakers.go:88.2,88.20 1 0
github.com/domitara/domitara/apps/api/internal/api/handler/electrical_breakers.go:95.39,97.16 2 0
github.com/domitara/domitara/apps/api/internal/api/handler/electrical_breakers.go:97.16,99.3 1 0
github.com/domitara/domitara/apps/api/internal/api/handler/electrical_breakers.go:100.2,101.16 2 0
github.com/domitara/domitara/apps/api/internal/api/handler/electrical_breakers.go:101.16,103.3 1 0
github.com/domitara/domitara/apps/api/internal/api/handler/electrical_breakers.go:104.2,104.72 1 0
github.com/domitara/domitara/apps/api/internal/api/handler/electrical_breakers.go:104.72,106.3 1 0
github.com/domitara/domitara/apps/api/internal/api/handler/electrical_breakers.go:107.2,108.16 2 0
github.com/domitara/domitara/apps/api/internal/api/handler/electrical_breakers.go:108.16,110.3 1 0
github.com/domitara/domitara/apps/api/internal/api/handler/electrical_breakers.go:111.2,112.25 2 0
github.com/domitara/domitara/apps/api/internal/api/handler/electrical_breakers.go:112.25,114.3 1 0
github.com/domitara/domitara/apps/api/internal/api/handler/electrical_breakers.go:115.2,115.55 1 0
github.com/domitara/domitara/apps/api/internal/api/handler/electrical_breakers.go:118.125,120.16 2 0
github.com/domitara/domitara/apps/api/internal/api/handler/electrical_breakers.go:120.16,122.3 1 0
github.com/domitara/domitara/apps/api/internal/api/handler/electrical_breakers.go:123.2,124.16 2 0
github.com/domitara/domitara/apps/api/internal/api/handler/electrical_breakers.go:124.16,126.3 1 0
github.com/domitara/domitara/apps/api/internal/api/handler/electrical_breakers.go:127.2,127.72 1 0
github.com/domitara/domitara/apps/api/internal/api/handler/electrical_breakers.go:127.72,129.3 1 0
github.com/domitara/domitara/apps/api/internal/api/handler/electrical_breakers.go:131.2,132.23 2 0
github.com/domitara/domitara/apps/api/internal/api/handler/electrical_breakers.go:132.23,134.3 1 0
github.com/domitara/domitara/apps/api/internal/api/handler/electrical_breakers.go:136.2,136.60 1 0
github.com/domitara/domitara/apps/api/internal/api/handler/electrical_breakers.go:136.60,138.3 1 0
github.com/domitara/domitara/apps/api/internal/api/handler/electrical_breakers.go:140.2,140.34 1 0
github.com/domitara/domitara/apps/api/internal/api/handler/electrical_breakers.go:140.34,146.30 2 0
github.com/domitara/domitara/apps/api/internal/api/handler/electrical_breakers.go:146.30,148.4 1 0
github.com/domitara/domitara/apps/api/internal/api/handler/electrical_breakers.go:149.8,154.30 2 0
github.com/domitara/domitara/apps/api/internal/api/handler/electrical_breakers.go:154.30,156.4 1 0
github.com/domitara/domitara/apps/api/internal/api/handler/electrical_breakers.go:159.2,159.39 1 0
github.com/domitara/domitara/apps/api/internal/api/handler/electrical_breakers.go:159.39,161.41 2 0
github.com/domitara/domitara/apps/api/internal/api/handler/electrical_breakers.go:161.41,163.4 1 0
github.com/domitara/domitara/apps/api/internal/api/handler/electrical_breakers.go:166.2,177.16 2 0
github.com/domitara/domitara/apps/api/internal/api/handler/electrical_breakers.go:177.16,179.3 1 0
github.com/domitara/domitara/apps/api/internal/api/handler/electrical_breakers.go:180.2,180.66 1 0
github.com/domitara/domitara/apps/api/internal/api/handler/electrical_breakers.go:183.125,185.16 2 0
github.com/domitara/domitara/apps/api/internal/api/handler/electrical_breakers.go:185.16,187.3 1 0
github.com/domitara/domitara/apps/api/internal/api/handler/electrical_breakers.go:188.2,189.16 2 0
github.com/domitara/domitara/apps/api/internal/api/handler/electrical_breakers.go:189.16,191.3 1 0
github.com/domitara/domitara/apps/api/internal/api/handler/electrical_breakers.go:192.2,193.16 2 0
github.com/domitara/domitara/apps/api/internal/api/handler/electrical_breakers.go:193.16,195.3 1 0
github.com/domitara/domitara/apps/api/internal/api/handler/electrical_breakers.go:196.2,196.72 1 0
github.com/domitara/domitara/apps/api/internal/api/handler/electrical_breakers.go:196.72,198.3 1 0
github.com/domitara/domitara/apps/api/internal/api/handler/electrical_breakers.go:200.2,201.23 2 0
github.com/domitara/domitara/apps/api/internal/api/handler/electrical_breakers.go:201.23,203.3 1 0
github.com/domitara/domitara/apps/api/internal/api/handler/electrical_breakers.go:205.2,205.39 1 0
github.com/domitara/domitara/apps/api/internal/api/handler/electrical_breakers.go:205.39,207.41 2 0
github.com/domitara/domitara/apps/api/internal/api/handler/electrical_breakers.go:207.41,209.4 1 0
github.com/domitara/domitara/apps/api/internal/api/handler/electrical_breakers.go:212.2,222.16 2 0
github.com/domitara/domitara/apps/api/internal/api/handler/electrical_breakers.go:222.16,224.3 1 0
github.com/domitara/domitara/apps/api/internal/api/handler/electrical_breakers.go:225.2,225.66 1 0
github.com/domitara/domitara/apps/api/internal/api/handler/electrical_breakers.go:228.106,230.16 2 0
github.com/domitara/domitara/apps/api/internal/api/handler/electrical_breakers.go:230.16,232.3 1 0
github.com/domitara/domitara/apps/api/internal/api/handler/electrical_breakers.go:233.2,234.16 2 0
github.com/domitara/domitara/apps/api/internal/api/handler/electrical_breakers.go:234.16,236.3 1 0
github.com/domitara/domitara/apps/api/internal/api/handler/electrical_breakers.go:237.2,238.16 2 0
github.com/domitara/domitara/apps/api/internal/api/handler/electrical_breakers.go:238.16,240.3 1 0
github.com/domitara/domitara/apps/api/internal/api/handler/electrical_breakers.go:241.2,241.72 1 0
github.com/domitara/domitara/apps/api/internal/api/handler/electrical_breakers.go:241.72,243.3 1 0
github.com/domitara/domitara/apps/api/internal/api/handler/electrical_breakers.go:244.2,244.57 1 0
github.com/domitara/domitara/apps/api/internal/api/handler/electrical_breakers.go:244.57,246.3 1 0
github.com/domitara/domitara/apps/api/internal/api/handler/electrical_breakers.go:247.2,247.17 1 0
github.com/domitara/domitara/apps/api/internal/api/handler/electrical_panels.go:64.33,65.14 1 0
github.com/domitara/domitara/apps/api/internal/api/handler/electrical_panels.go:66.11,67.12 1 0
github.com/domitara/domitara/apps/api/internal/api/handler/electrical_panels.go:68.11,69.12 1 0
github.com/domitara/domitara/apps/api/internal/api/handler/electrical_panels.go:70.11,71.12 1 0
github.com/domitara/domitara/apps/api/internal/api/handler/electrical_panels.go:72.10,73.12 1 0
github.com/domitara/domitara/apps/api/internal/api/handler/electrical_panels.go:77.66,91.2 1 0
github.com/domitara/domitara/apps/api/internal/api/handler/electrical_panels.go:97.37,99.16 2 0
github.com/domitara/domitara/apps/api/internal/api/handler/electrical_panels.go:99.16,101.3 1 0
github.com/domitara/domitara/apps/api/internal/api/handler/electrical_panels.go:102.2,102.78 1 0
github.com/domitara/domitara/apps/api/internal/api/handler/electrical_panels.go:102.78,104.3 1 0
github.com/domitara/domitara/apps/api/internal/api/handler/electrical_panels.go:105.2,106.16 2 0
github.com/domitara/domitara/apps/api/internal/api/handler/electrical_panels.go:106.16,108.3 1 0
github.com/domitara/domitara/apps/api/internal/api/handler/electrical_panels.go:109.2,110.25 2 0
github.com/domitara/domitara/apps/api/internal/api/handler/electrical_panels.go:110.25,112.3 1 0
github.com/domitara/domitara/apps/api/internal/api/handler/electrical_panels.go:113.2,113.51 1 0
github.com/domitara/domitara/apps/api/internal/api/handler/electrical_panels.go:116.119,118.16 2 0
github.com/domitara/domitara/apps/api/internal/api/handler/electrical_panels.go:118.16,120.3 1 0
github.com/domitara/domitara/apps/api/internal/api/handler/electrical_panels.go:121.2,121.78 1 0
github.com/domitara/domitara/apps/api/internal/api/handler/electrical_panels.go:121.78,123.3 1 0
github.com/domitara/domitara/apps/api/internal/api/handler/electrical_panels.go:125.2,126.34 2 0
github.com/domitara/domitara/apps/api/internal/api/handler/electrical_panels.go:126.34,128.3 1 0
github.com/domitara/domitara/apps/api/internal/api/handler/electrical_panels.go:129.2,130.33 2 0
github.com/domitara/domitara/apps/api/internal/api/handler/electrical_panels.go:130.33,132.3 1 0
github.com/domitara/domitara/apps/api/internal/api/handler/electrical_panels.go:134.2,134.38 1 0
github.com/domitara/domitara/apps/api/internal/api/handler/electrical_panels.go:134.38,135.83 1 0
github.com/domitara/domitara/apps/api/internal/api/handler/electrical_panels.go:135.83,137.4 1 0
github.com/domitara/domitara/apps/api/internal/api/handler/electrical_panels.go:140.2,150.16 2 0
github.com/domitara/domitara/apps/api/internal/api/handler/electrical_panels.go:150.16,152.3 1 0
github.com/domitara/domitara/apps/api/internal/api/handler/electrical_panels.go:153.2,153.62 1 0
github.com/domitara/domitara/apps/api/internal/api/handler/electrical_panels.go:156.112,158.16 2 0
github.com/domitara/domitara/apps/api/internal/api/handler/electrical_panels.go:158.16,160.3 1 0
github.com/domitara/domitara/apps/api/internal/api/handler/electrical_panels.go:161.2,162.16 2 0
github.com/domitara/domitara/apps/api/internal/api/handler/electrical_panels.go:162.16,164.3 1 0
github.com/domitara/domitara/apps/api/internal/api/handler/electrical_panels.go:165.2,165.74 1 0
github.com/domitara/domitara/apps/api/internal/api/handler/electrical_panels.go:165.74,167.3 1 0
github.com/domitara/domitara/apps/api/internal/api/handler/electrical_panels.go:168.2,168.62 1 0
github.com/domitara/domitara/apps/api/internal/api/handler/electrical_panels.go:171.119,173.16 2 0
github.com/domitara/domitara/apps/api/internal/api/handler/electrical_panels.go:173.16,175.3 1 0
github.com/domitara/domitara/apps/api/internal/api/handler/electrical_panels.go:176.2,177.16 2 0
github.com/domitara/domitara/apps/api/internal/api/handler/electrical_panels.go:177.16,179.3 1 0
github.com/domitara/domitara/apps/api/internal/api/handler/electrical_panels.go:180.2,180.81 1 0
github.com/domitara/domitara/apps/api/internal/api/handler/electrical_panels.go:180.81,182.3 1 0
github.com/domitara/domitara/apps/api/internal/api/handler/electrical_panels.go:184.2,184.38 1 0
github.com/domitara/domitara/apps/api/internal/api/handler/electrical_panels.go:184.38,186.17 2 0
github.com/domitara/domitara/apps/api/internal/api/handler/electrical_panels.go:186.17,188.4 1 0
github.com/domitara/domitara/apps/api/internal/api/handler/electrical_panels.go:189.3,189.27 1 0
github.com/domitara/domitara/apps/api/internal/api/handler/electrical_panels.go:189.27,191.4 1 0
github.com/domitara/domitara/apps/api/internal/api/handler/electrical_panels.go:194.2,204.16 2 0
github.com/domitara/domitara/apps/api/internal/api/handler/electrical_panels.go:204.16,206.3 1 0
github.com/domitara/domitara/apps/api/internal/api/handler/electrical_panels.go:207.2,207.62 1 0
github.com/domitara/domitara/apps/api/internal/api/handler/electrical_panels.go:210.102,212.16 2 0
github.com/domitara/domitara/apps/api/internal/api/handler/electrical_panels.go:212.16,214.3 1 0
github.com/domitara/domitara/apps/api/internal/api/handler/electrical_panels.go:215.2,216.16 2 0
github.com/domitara/domitara/apps/api/internal/api/handler/electrical_panels.go:216.16,218.3 1 0
github.com/domitara/domitara/apps/api/internal/api/handler/electrical_panels.go:219.2,219.81 1 0
github.com/domitara/domitara/apps/api/internal/api/handler/electrical_panels.go:219.81,221.3 1 0
github.com/domitara/domitara/apps/api/internal/api/handler/electrical_panels.go:223.2,225.16 3 0
github.com/domitara/domitara/apps/api/internal/api/handler/electrical_panels.go:225.16,227.3 1 0
github.com/domitara/domitara/apps/api/internal/api/handler/electrical_panels.go:228.2,228.18 1 0
github.com/domitara/domitara/apps/api/internal/api/handler/electrical_panels.go:228.18,230.3 1 0
github.com/domitara/domitara/apps/api/internal/api/handler/electrical_panels.go:232.2,232.55 1 0
github.com/domitara/domitara/apps/api/internal/api/handler/electrical_panels.go:232.55,234.3 1 0
github.com/domitara/domitara/apps/api/internal/api/handler/electrical_panels.go:235.2,235.17 1 0
github.com/domitara/domitara/apps/api/internal/api/handler/floor_plan_areas.go:24.49,25.14 1 0
github.com/domitara/domitara/apps/api/internal/api/handler/floor_plan_areas.go:25.14,27.3 1 0
github.com/domitara/domitara/apps/api/internal/api/handler/floor_plan_areas.go:28.2,29.10 2 0
github.com/domitara/domitara/apps/api/internal/api/handler/floor_plan_areas.go:75.35,77.16 2 0
github.com/domitara/domitara/apps/api/internal/api/handler/floor_plan_areas.go:77.16,79.3 1 0
github.com/domitara/domitara/apps/api/internal/api/handler/floor_plan_areas.go:80.2,80.78 1 0
github.com/domitara/domitara/apps/api/internal/api/handler/floor_plan_areas.go:80.78,82.3 1 0
github.com/domitara/domitara/apps/api/internal/api/handler/floor_plan_areas.go:83.2,84.16 2 0
github.com/domitara/domitara/apps/api/internal/api/handler/floor_plan_areas.go:84.16,86.3 1 0
github.com/domitara/domitara/apps/api/internal/api/handler/floor_plan_areas.go:87.2,88.25 2 0
github.com/domitara/domitara/apps/api/internal/api/handler/floor_plan_areas.go:88.25,94.3 1 0
github.com/domitara/domitara/apps/api/internal/api/handler/floor_plan_areas.go:95.2,95.48 1 0
github.com/domitara/domitara/apps/api/internal/api/handler/floor_plan_areas.go:98.123,100.16 2 0
github.com/domitara/domitara/apps/api/internal/api/handler/floor_plan_areas.go:100.16,102.3 1 0
github.com/domitara/domitara/apps/api/internal/api/handler/floor_plan_areas.go:103.2,103.78 1 0
github.com/domitara/domitara/apps/api/internal/api/handler/floor_plan_areas.go:103.78,105.3 1 0
github.com/domitara/domitara/apps/api/internal/api/handler/floor_plan_areas.go:106.2,107.28 2 0
github.com/domitara/domitara/apps/api/internal/api/handler/floor_plan_areas.go:107.28,108.48 1 0
github.com/domitara/domitara/apps/api/internal/api/handler/floor_plan_areas.go:108.48,110.4 1 0
github.com/domitara/domitara/apps/api/internal/api/handler/floor_plan_areas.go:111.3,111.27 1 0
github.com/domitara/domitara/apps/api/internal/api/handler/floor_plan_areas.go:113.2,120.16 2 0
github.com/domitara/domitara/apps/api/internal/api/handler/floor_plan_areas.go:120.16,122.3 1 0
github.com/domitara/domitara/apps/api/internal/api/handler/floor_plan_areas.go:123.2,127.9 1 0
github.com/domitara/domitara/apps/api/internal/api/handler/floor_plan_areas.go:130.123,131.50 1 0
github.com/domitara/domitara/apps/api/internal/api/handler/floor_plan_areas.go:131.50,133.3 1 0
github.com/domitara/domitara/apps/api/internal/api/handler/floor_plan_areas.go:134.2,134.73 1 0
github.com/domitara/domitara/apps/api/internal/api/handler/floor_plan_areas.go:134.73,136.3 1 0
github.com/domitara/domitara/apps/api/internal/api/handler/floor_plan_areas.go:137.2,143.16 2 0
github.com/domitara/domitara/apps/api/internal/api/handler/floor_plan_areas.go:143.16,145.3 1 0
github.com/domitara/domitara/apps/api/internal/api/handler/floor_plan_areas.go:146.2,150.9 1 0
github.com/domitara/domitara/apps/api/internal/api/handler/floor_plan_areas.go:153.108,154.50 1 0
github.com/domitara/domitara/apps/api/internal/api/handler/floor_plan_areas.go:154.50,156.3 1 0
github.com/domitara/domitara/apps/api/internal/api/handler/floor_plan_areas.go:157.2,157.63 1 0
github.com/domitara/domitara/apps/api/internal/api/handler/floor_plan_areas.go:157.63,159.3 1 0
github.com/domitara/domitara/apps/api/internal/api/handler/floor_plan_areas.go:160.2,160.17 1 0
github.com/domitara/domitara/apps/api/internal/api/handler/floor_plan_shapes.go:62.61,68.2 1 0
github.com/domitara/domitara/apps/api/internal/api/handler/floor_plan_shapes.go:74.36,76.16 2 0
github.com/domitara/domitara/apps/api/internal/api/handler/floor_plan_shapes.go:76.16,78.3 1 0
github.com/domitara/domitara/apps/api/internal/api/handler/floor_plan_shapes.go:79.2,79.78 1 0
github.com/domitara/domitara/apps/api/internal/api/handler/floor_plan_shapes.go:79.78,81.3 1 0
github.com/domitara/domitara/apps/api/internal/api/handler/floor_plan_shapes.go:82.2,83.16 2 0
github.com/domitara/domitara/apps/api/internal/api/handler/floor_plan_shapes.go:83.16,85.3 1 0
github.com/domitara/domitara/apps/api/internal/api/handler/floor_plan_shapes.go:86.2,87.25 2 0
github.com/domitara/domitara/apps/api/internal/api/handler/floor_plan_shapes.go:87.25,93.3 1 0
github.com/domitara/domitara/apps/api/internal/api/handler/floor_plan_shapes.go:94.2,94.50 1 0
github.com/domitara/domitara/apps/api/internal/api/handler/floor_plan_shapes.go:97.126,99.16 2 0
github.com/domitara/domitara/apps/api/internal/api/handler/floor_plan_shapes.go:99.16,101.3 1 0
github.com/domitara/domitara/apps/api/internal/api/handler/floor_plan_shapes.go:102.2,102.78 1 0
github.com/domitara/domitara/apps/api/internal/api/handler/floor_plan_shapes.go:102.78,104.3 1 0
github.com/domitara/domitara/apps/api/internal/api/handler/floor_plan_shapes.go:105.2,106.28 2 0
github.com/domitara/domitara/apps/api/internal/api/handler/floor_plan_shapes.go:106.28,107.48 1 0
github.com/domitara/domitara/apps/api/internal/api/handler/floor_plan_shapes.go:107.48,109.4 1 0
github.com/domitara/domitara/apps/api/internal/api/handler/floor_plan_shapes.go:110.3,110.27 1 0
github.com/domitara/domitara/apps/api/internal/api/handler/floor_plan_shapes.go:112.2,120.16 2 0
github.com/domitara/domitara/apps/api/internal/api/handler/floor_plan_shapes.go:120.16,122.3 1 0
github.com/domitara/domitara/apps/api/internal/api/handler/floor_plan_shapes.go:123.2,123.58 1 0
github.com/domitara/domitara/apps/api/internal/api/handler/floor_plan_shapes.go:126.126,127.50 1 0
github.com/domitara/domitara/apps/api/internal/api/handler/floor_plan_shapes.go:127.50,129.3 1 0
github.com/domitara/domitara/apps/api/internal/api/handler/floor_plan_shapes.go:130.2,130.73 1 0
github.com/domitara/domitara/apps/api/internal/api/handler/floor_plan_shapes.go:130.73,132.3 1 0
github.com/domitara/domitara/apps/api/internal/api/handler/floor_plan_shapes.go:133.2,134.17 2 0
github.com/domitara/domitara/apps/api/internal/api/handler/floor_plan_shapes.go:134.17,136.3 1 0
github.com/domitara/domitara/apps/api/internal/api/handler/floor_plan_shapes.go:137.2,145.16 2 0
github.com/domitara/domitara/apps/api/internal/api/handler/floor_plan_shapes.go:145.16,147.3 1 0
github.com/domitara/domitara/apps/api/internal/api/handler/floor_plan_shapes.go:148.2,148.58 1 0
github.com/domitara/domitara/apps/api/internal/api/handler/floor_plan_shapes.go:151.110,152.50 1 0
github.com/domitara/domitara/apps/api/internal/api/handler/floor_plan_shapes.go:152.50,154.3 1 0
github.com/domitara/domitara/apps/api/internal/api/handler/floor_plan_shapes.go:155.2,155.64 1 0
github.com/domitara/domitara/apps/api/internal/api/handler/floor_plan_shapes.go:155.64,157.3 1 0
github.com/domitara/domitara/apps/api/internal/api/handler/floor_plan_shapes.go:158.2,158.17 1 0
github.com/domitara/domitara/apps/api/internal/api/handler/handler.go:21.113,23.2 1 0
github.com/domitara/domitara/apps/api/internal/api/handler/handler.go:25.84,46.2 2 0
github.com/domitara/domitara/apps/api/internal/api/handler/handler.go:48.59,51.2 2 0
github.com/domitara/domitara/apps/api/internal/api/handler/handler.go:63.46,72.2 1 0
github.com/domitara/domitara/apps/api/internal/api/handler/health.go:11.81,15.2 3 0
github.com/domitara/domitara/apps/api/internal/api/handler/homes.go:161.3,169.2 7 0
github.com/domitara/domitara/apps/api/internal/api/handler/homes.go:187.11,212.2 1 0
github.com/domitara/domitara/apps/api/internal/api/handler/homes.go:214.59,224.2 1 0
github.com/domitara/domitara/apps/api/internal/api/handler/homes.go:226.56,236.2 1 0
github.com/domitara/domitara/apps/api/internal/api/handler/homes.go:239.103,241.16 2 0
github.com/domitara/domitara/apps/api/internal/api/handler/homes.go:241.16,243.3 1 0
github.com/domitara/domitara/apps/api/internal/api/handler/homes.go:244.2,244.18 1 0
github.com/domitara/domitara/apps/api/internal/api/handler/homes.go:249.85,251.16 2 0
github.com/domitara/domitara/apps/api/internal/api/handler/homes.go:251.16,253.3 1 0
github.com/domitara/domitara/apps/api/internal/api/handler/homes.go:254.2,255.16 2 0
github.com/domitara/domitara/apps/api/internal/api/handler/homes.go:255.16,257.3 1 0
github.com/domitara/domitara/apps/api/internal/api/handler/homes.go:258.2,259.25 2 0
github.com/domitara/domitara/apps/api/internal/api/handler/homes.go:259.25,261.3 1 0
github.com/domitara/domitara/apps/api/internal/api/handler/homes.go:262.2,262.39 1 0
github.com/domitara/domitara/apps/api/internal/api/handler/homes.go:265.89,267.16 2 0
github.com/domitara/domitara/apps/api/internal/api/handler/homes.go:267.16,269.3 1 0
github.com/domitara/domitara/apps/api/internal/api/handler/homes.go:270.2,271.16 2 0
github.com/domitara/domitara/apps/api/internal/api/handler/homes.go:271.16,273.3 1 0
github.com/domitara/domitara/apps/api/internal/api/handler/homes.go:274.2,274.50 1 0
github.com/domitara/domitara/apps/api/internal/api/handler/homes.go:277.96,279.16 2 0
github.com/domitara/domitara/apps/api/internal/api/handler/homes.go:279.16,281.3 1 0
github.com/domitara/domitara/apps/api/internal/api/handler/homes.go:282.2,286.16 4 0
github.com/domitara/domitara/apps/api/internal/api/handler/homes.go:286.16,288.3 1 0
github.com/domitara/domitara/apps/api/internal/api/handler/homes.go:289.2,312.16 4 0
github.com/domitara/domitara/apps/api/internal/api/handler/homes.go:312.16,314.3 1 0
github.com/domitara/domitara/apps/api/internal/api/handler/homes.go:316.2,318.17 1 0
github.com/domitara/domitara/apps/api/internal/api/handler/homes.go:318.17,320.3 1 0
github.com/domitara/domitara/apps/api/internal/api/handler/homes.go:322.2,322.39 1 0
github.com/domitara/domitara/apps/api/internal/api/handler/homes.go:322.39,324.3 1 0
github.com/domitara/domitara/apps/api/internal/api/handler/homes.go:326.2,327.16 2 0
github.com/domitara/domitara/apps/api/internal/api/handler/homes.go:327.16,329.3 1 0
github.com/domitara/domitara/apps/api/internal/api/handler/homes.go:330.2,330.50 1 0
github.com/domitara/domitara/apps/api/internal/api/handler/homes.go:333.96,335.16 2 0
github.com/domitara/domitara/apps/api/internal/api/handler/homes.go:335.16,337.3 1 0
github.com/domitara/domitara/apps/api/internal/api/handler/homes.go:338.2,338.74 1 0
github.com/domitara/domitara/apps/api/internal/api/handler/homes.go:338.74,340.3 1 0
github.com/domitara/domitara/apps/api/internal/api/handler/homes.go:341.2,364.17 3 0
github.com/domitara/domitara/apps/api/internal/api/handler/homes.go:364.17,366.3 1 0
github.com/domitara/domitara/apps/api/internal/api/handler/homes.go:367.2,368.16 2 0
github.com/domitara/domitara/apps/api/internal/api/handler/homes.go:368.16,370.3 1 0
github.com/domitara/domitara/apps/api/internal/api/handler/homes.go:371.2,371.50 1 0
github.com/domitara/domitara/apps/api/internal/api/handler/homes.go:374.90,376.16 2 0
github.com/domitara/domitara/apps/api/internal/api/handler/homes.go:376.16,378.3 1 0
github.com/domitara/domitara/apps/api/internal/api/handler/homes.go:379.2,380.16 2 0
github.com/domitara/domitara/apps/api/internal/api/handler/homes.go:380.16,382.3 1 0
github.com/domitara/domitara/apps/api/internal/api/handler/homes.go:383.2,383.21 1 0
github.com/domitara/domitara/apps/api/internal/api/handler/homes.go:383.21,385.3 1 0
github.com/domitara/domitara/apps/api/internal/api/handler/homes.go:386.2,386.54 1 0
github.com/domitara/domitara/apps/api/internal/api/handler/homes.go:386.54,388.3 1 0
github.com/domitara/domitara/apps/api/internal/api/handler/homes.go:389.2,389.17 1 0
github.com/domitara/domitara/apps/api/internal/api/handler/homes.go:394.104,396.16 2 0
github.com/domitara/domitara/apps/api/internal/api/handler/homes.go:396.16,398.3 1 0
github.com/domitara/domitara/apps/api/internal/api/handler/homes.go:399.2,399.74 1 0
github.com/domitara/domitara/apps/api/internal/api/handler/homes.go:399.74,401.3 1 0
github.com/domitara/domitara/apps/api/internal/api/handler/homes.go:402.2,403.16 2 0
github.com/domitara/domitara/apps/api/internal/api/handler/homes.go:403.16,405.3 1 0
github.com/domitara/domitara/apps/api/internal/api/handler/homes.go:406.2,407.25 2 0
github.com/domitara/domitara/apps/api/internal/api/handler/homes.go:407.25,412.3 1 0
github.com/domitara/domitara/apps/api/internal/api/handler/homes.go:413.2,413.47 1 0
github.com/domitara/domitara/apps/api/internal/api/handler/homes.go:416.105,418.16 2 0
github.com/domitara/domitara/apps/api/internal/api/handler/homes.go:418.16,420.3 1 0
github.com/domitara/domitara/apps/api/internal/api/handler/homes.go:421.2,422.16 2 0
github.com/domitara/domitara/apps/api/internal/api/handler/homes.go:422.16,424.3 1 0
github.com/domitara/domitara/apps/api/internal/api/handler/homes.go:425.2,425.21 1 0
github.com/domitara/domitara/apps/api/internal/api/handler/homes.go:425.21,427.3 1 0
github.com/domitara/domitara/apps/api/internal/api/handler/homes.go:428.2,429.22 2 0
github.com/domitara/domitara/apps/api/internal/api/handler/homes.go:429.22,431.3 1 0
github.com/domitara/domitara/apps/api/internal/api/handler/homes.go:432.2,433.16 2 0
github.com/domitara/domitara/apps/api/internal/api/handler/homes.go:433.16,435.3 1 0
github.com/domitara/domitara/apps/api/internal/api/handler/homes.go:436.2,438.17 1 0
github.com/domitara/domitara/apps/api/internal/api/handler/homes.go:438.17,440.3 1 0
github.com/domitara/domitara/apps/api/internal/api/handler/homes.go:441.2,441.59 1 0
github.com/domitara/domitara/apps/api/internal/api/handler/homes.go:444.102,446.16 2 0
github.com/domitara/domitara/apps/api/internal/api/handler/homes.go:446.16,448.3 1 0
github.com/domitara/domitara/apps/api/internal/api/handler/homes.go:449.2,450.16 2 0
github.com/domitara/domitara/apps/api/internal/api/handler/homes.go:450.16,452.3 1 0
github.com/domitara/domitara/apps/api/internal/api/handler/homes.go:453.2,453.21 1 0
github.com/domitara/domitara/apps/api/internal/api/handler/homes.go:453.21,455.3 1 0
github.com/domitara/domitara/apps/api/internal/api/handler/homes.go:456.2,456.32 1 0
github.com/domitara/domitara/apps/api/internal/api/handler/homes.go:456.32,458.22 2 0
github.com/domitara/domitara/apps/api/internal/api/handler/homes.go:458.22,460.4 1 0
github.com/domitara/domitara/apps/api/internal/api/handler/homes.go:462.2,464.17 1 0
github.com/domitara/domitara/apps/api/internal/api/handler/homes.go:464.17,466.3 1 0
github.com/domitara/domitara/apps/api/internal/api/handler/homes.go:467.2,467.17 1 0
github.com/domitara/domitara/apps/api/internal/api/handler/homes.go:472.102,474.16 2 0
github.com/domitara/domitara/apps/api/internal/api/handler/homes.go:474.16,476.3 1 0
github.com/domitara/domitara/apps/api/internal/api/handler/homes.go:477.2,477.74 1 0
github.com/domitara/domitara/apps/api/internal/api/handler/homes.go:477.74,479.3 1 0
github.com/domitara/domitara/apps/api/internal/api/handler/homes.go:480.2,481.16 2 0
github.com/domitara/domitara/apps/api/internal/api/handler/homes.go:481.16,483.3 1 0
github.com/domitara/domitara/apps/api/internal/api/handler/homes.go:484.2,485.25 2 0
github.com/domitara/domitara/apps/api/internal/api/handler/homes.go:485.25,490.3 1 0
github.com/domitara/domitara/apps/api/internal/api/handler/homes.go:491.2,491.45 1 0
github.com/domitara/domitara/apps/api/internal/api/handler/homes.go:494.104,496.16 2 0
github.com/domitara/domitara/apps/api/internal/api/handler/homes.go:496.16,498.3 1 0
github.com/domitara/domitara/apps/api/internal/api/handler/homes.go:499.2,499.74 1 0
github.com/domitara/domitara/apps/api/internal/api/handler/homes.go:499.74,501.3 1 0
github.com/domitara/domitara/apps/api/internal/api/handler/homes.go:502.2,505.16 2 0
github.com/domitara/domitara/apps/api/internal/api/handler/homes.go:505.16,507.3 1 0
github.com/domitara/domitara/apps/api/internal/api/handler/homes.go:508.2,508.64 1 0
github.com/domitara/domitara/apps/api/internal/api/handler/homes.go:508.64,510.3 1 0
github.com/domitara/domitara/apps/api/internal/api/handler/homes.go:511.2,512.17 2 0
github.com/domitara/domitara/apps/api/internal/api/handler/homes.go:515.75,517.9 2 0
github.com/domitara/domitara/apps/api/internal/api/handler/homes.go:517.9,520.3 2 0
github.com/domitara/domitara/apps/api/internal/api/handler/homes.go:521.2,525.17 2 0
github.com/domitara/domitara/apps/api/internal/api/handler/homes.go:525.17,528.3 2 0
github.com/domitara/domitara/apps/api/internal/api/handler/homes.go:530.2,530.55 1 0
github.com/domitara/domitara/apps/api/internal/api/handler/homes.go:530.55,533.3 2 0
github.com/domitara/domitara/apps/api/internal/api/handler/homes.go:534.2,535.16 2 0
github.com/domitara/domitara/apps/api/internal/api/handler/homes.go:535.16,538.3 2 0
github.com/domitara/domitara/apps/api/internal/api/handler/homes.go:539.2,544.66 5 0
github.com/domitara/domitara/apps/api/internal/api/handler/homes.go:544.66,547.3 2 0
github.com/domitara/domitara/apps/api/internal/api/handler/homes.go:548.2,549.9 2 0
github.com/domitara/domitara/apps/api/internal/api/handler/homes.go:549.9,552.3 2 0
github.com/domitara/domitara/apps/api/internal/api/handler/homes.go:554.2,555.52 2 0
github.com/domitara/domitara/apps/api/internal/api/handler/homes.go:555.52,558.3 2 0
github.com/domitara/domitara/apps/api/internal/api/handler/homes.go:560.2,564.16 3 0
github.com/domitara/domitara/apps/api/internal/api/handler/homes.go:564.16,567.3 2 0
github.com/domitara/domitara/apps/api/internal/api/handler/homes.go:569.2,573.16 4 0
github.com/domitara/domitara/apps/api/internal/api/handler/homes.go:573.16,577.3 3 0
github.com/domitara/domitara/apps/api/internal/api/handler/homes.go:578.2,579.46 2 0
github.com/domitara/domitara/apps/api/internal/api/handler/homes.go:579.46,584.3 4 0
github.com/domitara/domitara/apps/api/internal/api/handler/homes.go:586.2,588.17 1 0
github.com/domitara/domitara/apps/api/internal/api/handler/homes.go:588.17,593.3 4 0
github.com/domitara/domitara/apps/api/internal/api/handler/homes.go:595.2,601.36 4 0
github.com/domitara/domitara/apps/api/internal/api/handler/homes.go:606.103,608.16 2 0
github.com/domitara/domitara/apps/api/internal/api/handler/homes.go:608.16,610.3 1 0
github.com/domitara/domitara/apps/api/internal/api/handler/homes.go:611.2,611.74 1 0
github.com/domitara/domitara/apps/api/internal/api/handler/homes.go:611.74,613.3 1 0
github.com/domitara/domitara/apps/api/internal/api/handler/homes.go:614.2,615.16 2 0
github.com/domitara/domitara/apps/api/internal/api/handler/homes.go:615.16,617.3 1 0
github.com/domitara/domitara/apps/api/internal/api/handler/homes.go:618.2,619.25 2 0
github.com/domitara/domitara/apps/api/internal/api/handler/homes.go:619.25,626.3 1 0
github.com/domitara/domitara/apps/api/internal/api/handler/homes.go:627.2,627.41 1 0
github.com/domitara/domitara/apps/api/internal/api/handler/homes.go:630.105,632.16 2 0
github.com/domitara/domitara/apps/api/internal/api/handler/homes.go:632.16,634.3 1 0
github.com/domitara/domitara/apps/api/internal/api/handler/homes.go:635.2,635.74 1 0
github.com/domitara/domitara/apps/api/internal/api/handler/homes.go:635.74,637.3 1 0
github.com/domitara/domitara/apps/api/internal/api/handler/homes.go:638.2,641.16 2 0
github.com/domitara/domitara/apps/api/internal/api/handler/homes.go:641.16,643.3 1 0
github.com/domitara/domitara/apps/api/internal/api/handler/homes.go:644.2,644.65 1 0
github.com/domitara/domitara/apps/api/internal/api/handler/homes.go:644.65,646.3 1 0
github.com/domitara/domitara/apps/api/internal/api/handler/homes.go:647.2,648.17 2 0
github.com/domitara/domitara/apps/api/internal/api/handler/homes.go:651.125,653.16 2 0
github.com/domitara/domitara/apps/api/internal/api/handler/homes.go:653.16,655.3 1 0
github.com/domitara/domitara/apps/api/internal/api/handler/homes.go:656.2,656.78 1 0
github.com/domitara/domitara/apps/api/internal/api/handler/homes.go:656.78,658.3 1 0
github.com/domitara/domitara/apps/api/internal/api/handler/homes.go:659.2,659.96 1 0
github.com/domitara/domitara/apps/api/internal/api/handler/homes.go:659.96,661.3 1 0
github.com/domitara/domitara/apps/api/internal/api/handler/homes.go:662.2,666.17 1 0
github.com/domitara/domitara/apps/api/internal/api/handler/homes.go:666.17,668.3 1 0
github.com/domitara/domitara/apps/api/internal/api/handler/homes.go:669.2,669.17 1 0
github.com/domitara/domitara/apps/api/internal/api/handler/homes.go:672.78,674.9 2 0
github.com/domitara/domitara/apps/api/internal/api/handler/homes.go:674.9,677.3 2 0
github.com/domitara/domitara/apps/api/internal/api/handler/homes.go:678.2,682.17 2 0
github.com/domitara/domitara/apps/api/internal/api/handler/homes.go:682.17,685.3 2 0
github.com/domitara/domitara/apps/api/internal/api/handler/homes.go:687.2,687.55 1 0
github.com/domitara/domitara/apps/api/internal/api/handler/homes.go:687.55,690.3 2 0
github.com/domitara/domitara/apps/api/internal/api/handler/homes.go:691.2,692.16 2 0
github.com/domitara/domitara/apps/api/internal/api/handler/homes.go:692.16,695.3 2 0
github.com/domitara/domitara/apps/api/internal/api/handler/homes.go:696.2,701.66 5 0
github.com/domitara/domitara/apps/api/internal/api/handler/homes.go:701.66,704.3 2 0
github.com/domitara/domitara/apps/api/internal/api/handler/homes.go:705.2,705.74 1 0
github.com/domitara/domitara/apps/api/internal/api/handler/homes.go:705.74,707.3 1 0
github.com/domitara/domitara/apps/api/internal/api/handler/homes.go:708.2,709.9 2 0
github.com/domitara/domitara/apps/api/internal/api/handler/homes.go:709.9,712.3 2 0
github.com/domitara/domitara/apps/api/internal/api/handler/homes.go:714.2,717.52 3 0
github.com/domitara/domitara/apps/api/internal/api/handler/homes.go:717.52,720.3 2 0
github.com/domitara/domitara/apps/api/internal/api/handler/homes.go:722.2,724.19 3 0
github.com/domitara/domitara/apps/api/internal/api/handler/homes.go:724.19,726.3 1 0
github.com/domitara/domitara/apps/api/internal/api/handler/homes.go:727.2,730.16 2 0
github.com/domitara/domitara/apps/api/internal/api/handler/homes.go:730.16,733.3 2 0
github.com/domitara/domitara/apps/api/internal/api/handler/homes.go:735.2,739.16 4 0
github.com/domitara/domitara/apps/api/internal/api/handler/homes.go:739.16,743.3 3 0
github.com/domitara/domitara/apps/api/internal/api/handler/homes.go:744.2,747.16 3 0
github.com/domitara/domitara/apps/api/internal/api/handler/homes.go:747.16,752.3 4 0
github.com/domitara/domitara/apps/api/internal/api/handler/homes.go:754.2,756.17 1 0
github.com/domitara/domitara/apps/api/internal/api/handler/homes.go:756.17,761.3 4 0
github.com/domitara/domitara/apps/api/internal/api/handler/homes.go:763.2,770.36 4 0
github.com/domitara/domitara/apps/api/internal/api/handler/items.go:89.45,99.2 3 0
github.com/domitara/domitara/apps/api/internal/api/handler/items.go:102.95,103.50 1 0
github.com/domitara/domitara/apps/api/internal/api/handler/items.go:103.50,105.3 1 0
github.com/domitara/domitara/apps/api/internal/api/handler/items.go:106.2,112.18 6 0
github.com/domitara/domitara/apps/api/internal/api/handler/items.go:112.18,116.3 3 0
github.com/domitara/domitara/apps/api/internal/api/handler/items.go:118.2,118.19 1 0
github.com/domitara/domitara/apps/api/internal/api/handler/items.go:118.19,127.3 4 0
github.com/domitara/domitara/apps/api/internal/api/handler/items.go:128.2,128.28 1 0
github.com/domitara/domitara/apps/api/internal/api/handler/items.go:128.28,132.3 3 0
github.com/domitara/domitara/apps/api/internal/api/handler/items.go:132.8,132.32 1 0
github.com/domitara/domitara/apps/api/internal/api/handler/items.go:132.32,136.3 3 0
github.com/domitara/domitara/apps/api/internal/api/handler/items.go:137.2,137.25 1 0
github.com/domitara/domitara/apps/api/internal/api/handler/items.go:137.25,139.3 1 0
github.com/domitara/domitara/apps/api/internal/api/handler/items.go:140.2,144.16 4 0
github.com/domitara/domitara/apps/api/internal/api/handler/items.go:144.16,146.3 1 0
github.com/domitara/domitara/apps/api/internal/api/handler/items.go:147.2,149.18 3 0
github.com/domitara/domitara/apps/api/internal/api/handler/items.go:149.18,151.17 2 0
github.com/domitara/domitara/apps/api/internal/api/handler/items.go:151.17,153.4 1 0
github.com/domitara/domitara/apps/api/internal/api/handler/items.go:154.3,154.28 1 0
github.com/domitara/domitara/apps/api/internal/api/handler/items.go:156.2,156.39 1 0
github.com/domitara/domitara/apps/api/internal/api/handler/items.go:160.89,161.50 1 0
github.com/domitara/domitara/apps/api/internal/api/handler/items.go:161.50,163.3 1 0
github.com/domitara/domitara/apps/api/internal/api/handler/items.go:164.2,165.16 2 0
github.com/domitara/domitara/apps/api/internal/api/handler/items.go:165.16,167.3 1 0
github.com/domitara/domitara/apps/api/internal/api/handler/items.go:168.2,168.35 1 0
github.com/domitara/domitara/apps/api/internal/api/handler/items.go:171.96,172.50 1 0
github.com/domitara/domitara/apps/api/internal/api/handler/items.go:172.50,174.3 1 0
github.com/domitara/domitara/apps/api/internal/api/handler/items.go:175.2,176.18 2 0
github.com/domitara/domitara/apps/api/internal/api/handler/items.go:176.18,178.3 1 0
github.com/domitara/domitara/apps/api/internal/api/handler/items.go:179.2,180.20 2 0
github.com/domitara/domitara/apps/api/internal/api/handler/items.go:180.20,182.3 1 0
github.com/domitara/domitara/apps/api/internal/api/handler/items.go:183.2,183.22 1 0
github.com/domitara/domitara/apps/api/internal/api/handler/items.go:183.22,186.3 2 0
github.com/domitara/domitara/apps/api/internal/api/handler/items.go:187.2,188.16 2 0
github.com/domitara/domitara/apps/api/internal/api/handler/items.go:188.16,190.3 1 0
github.com/domitara/domitara/apps/api/internal/api/handler/items.go:191.2,210.16 4 0
github.com/domitara/domitara/apps/api/internal/api/handler/items.go:210.16,211.51 1 0
github.com/domitara/domitara/apps/api/internal/api/handler/items.go:211.51,213.4 1 0
github.com/domitara/domitara/apps/api/internal/api/handler/items.go:214.3,214.85 1 0
github.com/domitara/domitara/apps/api/internal/api/handler/items.go:216.2,216.33 1 0
github.com/domitara/domitara/apps/api/internal/api/handler/items.go:216.33,219.18 1 0
github.com/domitara/domitara/apps/api/internal/api/handler/items.go:219.18,221.4 1 0
github.com/domitara/domitara/apps/api/internal/api/handler/items.go:223.2,223.39 1 0
github.com/domitara/domitara/apps/api/internal/api/handler/items.go:223.39,225.3 1 0
github.com/domitara/domitara/apps/api/internal/api/handler/items.go:226.2,227.16 2 0
github.com/domitara/domitara/apps/api/internal/api/handler/items.go:227.16,229.3 1 0
github.com/domitara/domitara/apps/api/internal/api/handler/items.go:230.2,230.35 1 0
github.com/domitara/domitara/apps/api/internal/api/handler/items.go:233.96,234.50 1 0
github.com/domitara/domitara/apps/api/internal/api/handler/items.go:234.50,236.3 1 0
github.com/domitara/domitara/apps/api/internal/api/handler/items.go:237.2,239.16 3 0
github.com/domitara/domitara/apps/api/internal/api/handler/items.go:239.16,241.3 1 0
github.com/domitara/domitara/apps/api/internal/api/handler/items.go:242.2,260.17 3 0
github.com/domitara/domitara/apps/api/internal/api/handler/items.go:260.17,261.51 1 0
github.com/domitara/domitara/apps/api/internal/api/handler/items.go:261.51,263.4 1 0
github.com/domitara/domitara/apps/api/internal/api/handler/items.go:264.3,264.85 1 0
github.com/domitara/domitara/apps/api/internal/api/handler/items.go:266.2,266.60 1 0
github.com/domitara/domitara/apps/api/internal/api/handler/items.go:266.60,268.3 1 0
github.com/domitara/domitara/apps/api/internal/api/handler/items.go:269.2,269.33 1 0
github.com/domitara/domitara/apps/api/internal/api/handler/items.go:269.33,272.18 1 0
github.com/domitara/domitara/apps/api/internal/api/handler/items.go:272.18,274.4 1 0
github.com/domitara/domitara/apps/api/internal/api/handler/items.go:276.2,276.39 1 0
github.com/domitara/domitara/apps/api/internal/api/handler/items.go:276.39,278.3 1 0
github.com/domitara/domitara/apps/api/internal/api/handler/items.go:279.2,280.16 2 0
github.com/domitara/domitara/apps/api/internal/api/handler/items.go:280.16,282.3 1 0
github.com/domitara/domitara/apps/api/internal/api/handler/items.go:283.2,283.35 1 0
github.com/domitara/domitara/apps/api/internal/api/handler/items.go:286.90,287.50 1 0
github.com/domitara/domitara/apps/api/internal/api/handler/items.go:287.50,289.3 1 0
github.com/domitara/domitara/apps/api/internal/api/handler/items.go:290.2,290.54 1 0
github.com/domitara/domitara/apps/api/internal/api/handler/items.go:290.54,292.3 1 0
github.com/domitara/domitara/apps/api/internal/api/handler/items.go:293.2,293.17 1 0
github.com/domitara/domitara/apps/api/internal/api/handler/items.go:296.63,298.28 2 0
github.com/domitara/domitara/apps/api/internal/api/handler/items.go:298.28,300.3 1 0
github.com/domitara/domitara/apps/api/internal/api/handler/items.go:301.2,301.14 1 0
github.com/domitara/domitara/apps/api/internal/api/handler/items.go:304.31,308.22 4 0
github.com/domitara/domitara/apps/api/internal/api/handler/items.go:308.22,310.3 1 0
github.com/domitara/domitara/apps/api/internal/api/handler/items.go:311.2,311.26 1 0
github.com/domitara/domitara/apps/api/internal/api/handler/labels.go:45.87,46.50 1 0
github.com/domitara/domitara/apps/api/internal/api/handler/labels.go:46.50,48.3 1 0
github.com/domitara/domitara/apps/api/internal/api/handler/labels.go:49.2,51.18 3 0
github.com/domitara/domitara/apps/api/internal/api/handler/labels.go:51.18,53.17 2 0
github.com/domitara/domitara/apps/api/internal/api/handler/labels.go:53.17,55.4 1 0
github.com/domitara/domitara/apps/api/internal/api/handler/labels.go:56.3,56.26 1 0
github.com/domitara/domitara/apps/api/internal/api/handler/labels.go:56.26,61.4 1 0
github.com/domitara/domitara/apps/api/internal/api/handler/labels.go:62.8,64.17 2 0
github.com/domitara/domitara/apps/api/internal/api/handler/labels.go:64.17,66.4 1 0
github.com/domitara/domitara/apps/api/internal/api/handler/labels.go:67.3,67.26 1 0
github.com/domitara/domitara/apps/api/internal/api/handler/labels.go:67.26,72.4 1 0
github.com/domitara/domitara/apps/api/internal/api/handler/labels.go:74.2,74.41 1 0
github.com/domitara/domitara/apps/api/internal/api/handler/labels.go:77.99,78.50 1 0
github.com/domitara/domitara/apps/api/internal/api/handler/labels.go:78.50,80.3 1 0
github.com/domitara/domitara/apps/api/internal/api/handler/labels.go:81.2,82.18 2 0
github.com/domitara/domitara/apps/api/internal/api/handler/labels.go:82.18,84.3 1 0
github.com/domitara/domitara/apps/api/internal/api/handler/labels.go:85.2,86.56 2 0
github.com/domitara/domitara/apps/api/internal/api/handler/labels.go:86.56,88.3 1 0
github.com/domitara/domitara/apps/api/internal/api/handler/labels.go:89.2,94.16 2 0
github.com/domitara/domitara/apps/api/internal/api/handler/labels.go:94.16,95.53 1 0
github.com/domitara/domitara/apps/api/internal/api/handler/labels.go:95.53,97.4 1 0
github.com/domitara/domitara/apps/api/internal/api/handler/labels.go:98.3,98.86 1 0
github.com/domitara/domitara/apps/api/internal/api/handler/labels.go:100.2,103.9 1 0
github.com/domitara/domitara/apps/api/internal/api/handler/labels.go:106.99,107.50 1 0
github.com/domitara/domitara/apps/api/internal/api/handler/labels.go:107.50,109.3 1 0
github.com/domitara/domitara/apps/api/internal/api/handler/labels.go:110.2,114.17 1 0
github.com/domitara/domitara/apps/api/internal/api/handler/labels.go:114.17,116.3 1 0
github.com/domitara/domitara/apps/api/internal/api/handler/labels.go:117.2,118.16 2 0
github.com/domitara/domitara/apps/api/internal/api/handler/labels.go:118.16,120.3 1 0
github.com/domitara/domitara/apps/api/internal/api/handler/labels.go:121.2,124.9 1 0
github.com/domitara/domitara/apps/api/internal/api/handler/labels.go:127.92,128.50 1 0
github.com/domitara/domitara/apps/api/internal/api/handler/labels.go:128.50,130.3 1 0
github.com/domitara/domitara/apps/api/internal/api/handler/labels.go:131.2,131.55 1 0
github.com/domitara/domitara/apps/api/internal/api/handler/labels.go:131.55,133.3 1 0
github.com/domitara/domitara/apps/api/internal/api/handler/labels.go:134.2,134.17 1 0
github.com/domitara/domitara/apps/api/internal/api/handler/locations.go:48.93,49.50 1 0
github.com/domitara/domitara/apps/api/internal/api/handler/locations.go:49.50,51.3 1 0
github.com/domitara/domitara/apps/api/internal/api/handler/locations.go:52.2,54.18 3 0
github.com/domitara/domitara/apps/api/internal/api/handler/locations.go:54.18,56.17 2 0
github.com/domitara/domitara/apps/api/internal/api/handler/locations.go:56.17,58.4 1 0
github.com/domitara/domitara/apps/api/internal/api/handler/locations.go:59.3,59.26 1 0
github.com/domitara/domitara/apps/api/internal/api/handler/locations.go:59.26,64.4 1 0
github.com/domitara/domitara/apps/api/internal/api/handler/locations.go:65.8,67.17 2 0
github.com/domitara/domitara/apps/api/internal/api/handler/locations.go:67.17,69.4 1 0
github.com/domitara/domitara/apps/api/internal/api/handler/locations.go:70.3,70.26 1 0
github.com/domitara/domitara/apps/api/internal/api/handler/locations.go:70.26,75.4 1 0
github.com/domitara/domitara/apps/api/internal/api/handler/locations.go:77.2,77.42 1 0
github.com/domitara/domitara/apps/api/internal/api/handler/locations.go:80.101,81.50 1 0
github.com/domitara/domitara/apps/api/internal/api/handler/locations.go:81.50,83.3 1 0
github.com/domitara/domitara/apps/api/internal/api/handler/locations.go:84.2,85.16 2 0
github.com/domitara/domitara/apps/api/internal/api/handler/locations.go:85.16,87.3 1 0
github.com/domitara/domitara/apps/api/internal/api/handler/locations.go:88.2,91.9 1 0
github.com/domitara/domitara/apps/api/internal/api/handler/locations.go:94.108,95.50 1 0
github.com/domitara/domitara/apps/api/internal/api/handler/locations.go:95.50,97.3 1 0
github.com/domitara/domitara/apps/api/internal/api/handler/locations.go:98.2,99.18 2 0
github.com/domitara/domitara/apps/api/internal/api/handler/locations.go:99.18,101.3 1 0
github.com/domitara/domitara/apps/api/internal/api/handler/locations.go:102.2,108.16 2 0
github.com/domitara/domitara/apps/api/internal/api/handler/locations.go:108.16,110.3 1 0
github.com/domitara/domitara/apps/api/internal/api/handler/locations.go:111.2,114.9 1 0
github.com/domitara/domitara/apps/api/internal/api/handler/locations.go:117.108,118.50 1 0
github.com/domitara/domitara/apps/api/internal/api/handler/locations.go:118.50,120.3 1 0
github.com/domitara/domitara/apps/api/internal/api/handler/locations.go:121.2,126.17 1 0
github.com/domitara/domitara/apps/api/internal/api/handler/locations.go:126.17,128.3 1 0
github.com/domitara/domitara/apps/api/internal/api/handler/locations.go:129.2,130.16 2 0
github.com/domitara/domitara/apps/api/internal/api/handler/locations.go:130.16,132.3 1 0
github.com/domitara/domitara/apps/api/internal/api/handler/locations.go:133.2,136.9 1 0
github.com/domitara/domitara/apps/api/internal/api/handler/locations.go:139.98,140.50 1 0
github.com/domitara/domitara/apps/api/internal/api/handler/locations.go:140.50,142.3 1 0
github.com/domitara/domitara/apps/api/internal/api/handler/locations.go:143.2,143.58 1 0
github.com/domitara/domitara/apps/api/internal/api/handler/locations.go:143.58,145.3 1 0
github.com/domitara/domitara/apps/api/internal/api/handler/locations.go:146.2,146.17 1 0
github.com/domitara/domitara/apps/api/internal/api/handler/maintenance.go:53.117,54.50 1 0
github.com/domitara/domitara/apps/api/internal/api/handler/maintenance.go:54.50,56.3 1 0
github.com/domitara/domitara/apps/api/internal/api/handler/maintenance.go:57.2,67.18 6 0
github.com/domitara/domitara/apps/api/internal/api/handler/maintenance.go:67.18,71.3 3 0
github.com/domitara/domitara/apps/api/internal/api/handler/maintenance.go:72.2,72.24 1 0
github.com/domitara/domitara/apps/api/internal/api/handler/maintenance.go:72.24,76.3 3 0
github.com/domitara/domitara/apps/api/internal/api/handler/maintenance.go:77.2,77.25 1 0
github.com/domitara/domitara/apps/api/internal/api/handler/maintenance.go:77.25,79.3 1 0
github.com/domitara/domitara/apps/api/internal/api/handler/maintenance.go:80.2,84.16 4 0
github.com/domitara/domitara/apps/api/internal/api/handler/maintenance.go:84.16,86.3 1 0
github.com/domitara/domitara/apps/api/internal/api/handler/maintenance.go:87.2,89.18 3 0
github.com/domitara/domitara/apps/api/internal/api/handler/maintenance.go:89.18,92.55 2 0
github.com/domitara/domitara/apps/api/internal/api/handler/maintenance.go:92.55,94.4 1 0
github.com/domitara/domitara/apps/api/internal/api/handler/maintenance.go:95.3,95.25 1 0
github.com/domitara/domitara/apps/api/internal/api/handler/maintenance.go:97.2,97.48 1 0
github.com/domitara/domitara/apps/api/internal/api/handler/maintenance.go:100.120,102.16 2 0
github.com/domitara/domitara/apps/api/internal/api/handler/maintenance.go:102.16,104.3 1 0
github.com/domitara/domitara/apps/api/internal/api/handler/maintenance.go:105.2,106.18 2 0
github.com/domitara/domitara/apps/api/internal/api/handler/maintenance.go:106.18,108.3 1 0
github.com/domitara/domitara/apps/api/internal/api/handler/maintenance.go:110.2,111.16 2 0
github.com/domitara/domitara/apps/api/internal/api/handler/maintenance.go:111.16,113.3 1 0
github.com/domitara/domitara/apps/api/internal/api/handler/maintenance.go:114.2,127.16 4 0
github.com/domitara/domitara/apps/api/internal/api/handler/maintenance.go:127.16,129.3 1 0
github.com/domitara/domitara/apps/api/internal/api/handler/maintenance.go:131.2,131.34 1 0
github.com/domitara/domitara/apps/api/internal/api/handler/maintenance.go:131.34,135.18 1 0
github.com/domitara/domitara/apps/api/internal/api/handler/maintenance.go:135.18,137.4 1 0
github.com/domitara/domitara/apps/api/internal/api/handler/maintenance.go:138.3,138.75 1 0
github.com/domitara/domitara/apps/api/internal/api/handler/maintenance.go:141.2,141.38 1 0
github.com/domitara/domitara/apps/api/internal/api/handler/maintenance.go:141.38,143.3 1 0
github.com/domitara/domitara/apps/api/internal/api/handler/maintenance.go:145.2,155.46 2 0
github.com/domitara/domitara/apps/api/internal/api/handler/maintenance.go:158.104,159.50 1 0
github.com/domitara/domitara/apps/api/internal/api/handler/maintenance.go:159.50,161.3 1 0
github.com/domitara/domitara/apps/api/internal/api/handler/maintenance.go:162.2,162.64 1 0
github.com/domitara/domitara/apps/api/internal/api/handler/maintenance.go:162.64,164.3 1 0
github.com/domitara/domitara/apps/api/internal/api/handler/maintenance.go:165.2,165.17 1 0
github.com/domitara/domitara/apps/api/internal/api/handler/maintenance.go:216.85,230.2 1 0
github.com/domitara/domitara/apps/api/internal/api/handler/maintenance.go:232.104,233.50 1 0
github.com/domitara/domitara/apps/api/internal/api/handler/maintenance.go:233.50,235.3 1 0
github.com/domitara/domitara/apps/api/internal/api/handler/maintenance.go:236.2,237.18 2 0
github.com/domitara/domitara/apps/api/internal/api/handler/maintenance.go:237.18,239.3 1 0
github.com/domitara/domitara/apps/api/internal/api/handler/maintenance.go:240.2,241.16 2 0
github.com/domitara/domitara/apps/api/internal/api/handler/maintenance.go:241.16,243.3 1 0
github.com/domitara/domitara/apps/api/internal/api/handler/maintenance.go:244.2,245.25 2 0
github.com/domitara/domitara/apps/api/internal/api/handler/maintenance.go:245.25,248.3 1 0
github.com/domitara/domitara/apps/api/internal/api/handler/maintenance.go:249.2,249.58 1 0
github.com/domitara/domitara/apps/api/internal/api/handler/maintenance.go:252.119,254.16 2 0
github.com/domitara/domitara/apps/api/internal/api/handler/maintenance.go:254.16,256.3 1 0
github.com/domitara/domitara/apps/api/internal/api/handler/maintenance.go:257.2,258.18 2 0
github.com/domitara/domitara/apps/api/internal/api/handler/maintenance.go:258.18,260.3 1 0
github.com/domitara/domitara/apps/api/internal/api/handler/maintenance.go:261.2,271.16 2 0
github.com/domitara/domitara/apps/api/internal/api/handler/maintenance.go:271.16,273.3 1 0
github.com/domitara/domitara/apps/api/internal/api/handler/maintenance.go:274.2,276.49 2 0
github.com/domitara/domitara/apps/api/internal/api/handler/maintenance.go:279.119,280.50 1 0
github.com/domitara/domitara/apps/api/internal/api/handler/maintenance.go:280.50,282.3 1 0
github.com/domitara/domitara/apps/api/internal/api/handler/maintenance.go:283.2,284.56 2 0
github.com/domitara/domitara/apps/api/internal/api/handler/maintenance.go:284.56,286.3 1 0
github.com/domitara/domitara/apps/api/internal/api/handler/maintenance.go:287.2,296.16 2 0
github.com/domitara/domitara/apps/api/internal/api/handler/maintenance.go:296.16,298.3 1 0
github.com/domitara/domitara/apps/api/internal/api/handler/maintenance.go:299.2,301.49 2 0
github.com/domitara/domitara/apps/api/internal/api/handler/maintenance.go:304.98,305.50 1 0
github.com/domitara/domitara/apps/api/internal/api/handler/maintenance.go:305.50,307.3 1 0
github.com/domitara/domitara/apps/api/internal/api/handler/maintenance.go:308.2,308.69 1 0
github.com/domitara/domitara/apps/api/internal/api/handler/maintenance.go:308.69,310.3 1 0
github.com/domitara/domitara/apps/api/internal/api/handler/maintenance.go:311.2,311.17 1 0
github.com/domitara/domitara/apps/api/internal/api/handler/pgconv.go:12.39,13.14 1 1
github.com/domitara/domitara/apps/api/internal/api/handler/pgconv.go:13.14,15.3 1 1
github.com/domitara/domitara/apps/api/internal/api/handler/pgconv.go:16.2,17.11 2 1
github.com/domitara/domitara/apps/api/internal/api/handler/pgconv.go:20.49,21.14 1 1
github.com/domitara/domitara/apps/api/internal/api/handler/pgconv.go:21.14,23.3 1 1
github.com/domitara/domitara/apps/api/internal/api/handler/pgconv.go:24.2,25.28 2 1
github.com/domitara/domitara/apps/api/internal/api/handler/pgconv.go:25.28,27.3 1 0
github.com/domitara/domitara/apps/api/internal/api/handler/pgconv.go:28.2,28.19 1 1
github.com/domitara/domitara/apps/api/internal/api/handler/pgconv.go:31.41,32.14 1 1
github.com/domitara/domitara/apps/api/internal/api/handler/pgconv.go:32.14,34.3 1 1
github.com/domitara/domitara/apps/api/internal/api/handler/pgconv.go:35.2,35.17 1 1
github.com/domitara/domitara/apps/api/internal/api/handler/pgconv.go:38.38,40.2 1 1
github.com/domitara/domitara/apps/api/internal/api/handler/pgconv.go:42.42,43.14 1 1
github.com/domitara/domitara/apps/api/internal/api/handler/pgconv.go:43.14,45.3 1 1
github.com/domitara/domitara/apps/api/internal/api/handler/pgconv.go:46.2,47.11 2 1
github.com/domitara/domitara/apps/api/internal/api/handler/pgconv.go:50.43,51.14 1 1
github.com/domitara/domitara/apps/api/internal/api/handler/pgconv.go:51.14,53.3 1 1
github.com/domitara/domitara/apps/api/internal/api/handler/pgconv.go:54.2,55.11 2 1
github.com/domitara/domitara/apps/api/internal/api/handler/pgconv.go:60.37,61.14 1 1
github.com/domitara/domitara/apps/api/internal/api/handler/pgconv.go:61.14,63.3 1 1
github.com/domitara/domitara/apps/api/internal/api/handler/pgconv.go:64.2,64.51 1 1
github.com/domitara/domitara/apps/api/internal/api/handler/pgconv.go:67.47,68.14 1 1
github.com/domitara/domitara/apps/api/internal/api/handler/pgconv.go:68.14,70.3 1 1
github.com/domitara/domitara/apps/api/internal/api/handler/pgconv.go:71.2,72.69 2 1
github.com/domitara/domitara/apps/api/internal/api/handler/pgconv.go:72.69,74.3 1 0
github.com/domitara/domitara/apps/api/internal/api/handler/pgconv.go:75.2,75.10 1 1
github.com/domitara/domitara/apps/api/internal/api/handler/pgconv.go:78.39,79.14 1 1
github.com/domitara/domitara/apps/api/internal/api/handler/pgconv.go:79.14,81.3 1 1
github.com/domitara/domitara/apps/api/internal/api/handler/pgconv.go:82.2,82.44 1 1
github.com/domitara/domitara/apps/api/internal/api/handler/pgconv.go:86.41,87.26 1 1
github.com/domitara/domitara/apps/api/internal/api/handler/pgconv.go:87.26,89.3 1 1
github.com/domitara/domitara/apps/api/internal/api/handler/pgconv.go:90.2,91.16 2 1
github.com/domitara/domitara/apps/api/internal/api/handler/pgconv.go:91.16,93.3 1 1
github.com/domitara/domitara/apps/api/internal/api/handler/pgconv.go:94.2,94.11 1 1
github.com/domitara/domitara/apps/api/internal/api/handler/photos.go:46.103,47.50 1 0
github.com/domitara/domitara/apps/api/internal/api/handler/photos.go:47.50,49.3 1 0
github.com/domitara/domitara/apps/api/internal/api/handler/photos.go:50.2,51.16 2 0
github.com/domitara/domitara/apps/api/internal/api/handler/photos.go:51.16,53.3 1 0
github.com/domitara/domitara/apps/api/internal/api/handler/photos.go:54.2,55.25 2 0
github.com/domitara/domitara/apps/api/internal/api/handler/photos.go:55.25,60.3 1 0
github.com/domitara/domitara/apps/api/internal/api/handler/photos.go:61.2,61.41 1 0
github.com/domitara/domitara/apps/api/internal/api/handler/photos.go:64.96,65.50 1 0
github.com/domitara/domitara/apps/api/internal/api/handler/photos.go:65.50,67.3 1 0
github.com/domitara/domitara/apps/api/internal/api/handler/photos.go:68.2,71.16 2 0
github.com/domitara/domitara/apps/api/internal/api/handler/photos.go:71.16,73.3 1 0
github.com/domitara/domitara/apps/api/internal/api/handler/photos.go:74.2,74.64 1 0
github.com/domitara/domitara/apps/api/internal/api/handler/photos.go:74.64,76.3 1 0
github.com/domitara/domitara/apps/api/internal/api/handler/photos.go:77.2,78.17 2 0
github.com/domitara/domitara/apps/api/internal/api/handler/photos.go:83.71,84.48 1 0
github.com/domitara/domitara/apps/api/internal/api/handler/photos.go:84.48,87.3 2 0
github.com/domitara/domitara/apps/api/internal/api/handler/photos.go:88.2,90.55 2 0
github.com/domitara/domitara/apps/api/internal/api/handler/photos.go:90.55,93.3 2 0
github.com/domitara/domitara/apps/api/internal/api/handler/photos.go:94.2,95.16 2 0
github.com/domitara/domitara/apps/api/internal/api/handler/photos.go:95.16,98.3 2 0
github.com/domitara/domitara/apps/api/internal/api/handler/photos.go:99.2,104.66 5 0
github.com/domitara/domitara/apps/api/internal/api/handler/photos.go:104.66,107.3 2 0
github.com/domitara/domitara/apps/api/internal/api/handler/photos.go:108.2,109.9 2 0
github.com/domitara/domitara/apps/api/internal/api/handler/photos.go:109.9,112.3 2 0
github.com/domitara/domitara/apps/api/internal/api/handler/photos.go:114.2,115.52 2 0
github.com/domitara/domitara/apps/api/internal/api/handler/photos.go:115.52,118.3 2 0
github.com/domitara/domitara/apps/api/internal/api/handler/photos.go:120.2,124.16 3 0
github.com/domitara/domitara/apps/api/internal/api/handler/photos.go:124.16,127.3 2 0
github.com/domitara/domitara/apps/api/internal/api/handler/photos.go:129.2,133.16 4 0
github.com/domitara/domitara/apps/api/internal/api/handler/photos.go:133.16,137.3 3 0
github.com/domitara/domitara/apps/api/internal/api/handler/photos.go:138.2,139.46 2 0
github.com/domitara/domitara/apps/api/internal/api/handler/photos.go:139.46,144.3 4 0
github.com/domitara/domitara/apps/api/internal/api/handler/photos.go:146.2,148.17 1 0
github.com/domitara/domitara/apps/api/internal/api/handler/photos.go:148.17,153.3 4 0
github.com/domitara/domitara/apps/api/internal/api/handler/photos.go:155.2,161.36 4 0
github.com/domitara/domitara/apps/api/internal/api/handler/photos.go:164.68,168.2 3 0
github.com/domitara/domitara/apps/api/internal/api/handler/photos.go:170.43,171.16 1 0
github.com/domitara/domitara/apps/api/internal/api/handler/photos.go:171.16,173.3 1 0
github.com/domitara/domitara/apps/api/internal/api/handler/photos.go:174.2,175.25 2 0
github.com/domitara/domitara/apps/api/internal/api/handler/photos.go:175.25,176.105 1 0
github.com/domitara/domitara/apps/api/internal/api/handler/photos.go:176.105,178.4 1 0
github.com/domitara/domitara/apps/api/internal/api/handler/photos.go:178.9,180.4 1 0
github.com/domitara/domitara/apps/api/internal/api/handler/photos.go:182.2,183.17 2 0
github.com/domitara/domitara/apps/api/internal/api/handler/photos.go:183.17,185.3 1 0
github.com/domitara/domitara/apps/api/internal/api/handler/photos.go:186.2,186.10 1 0
github.com/domitara/domitara/apps/api/internal/api/handler/reminders.go:37.93,39.16 2 0
github.com/domitara/domitara/apps/api/internal/api/handler/reminders.go:39.16,41.3 1 0
github.com/domitara/domitara/apps/api/internal/api/handler/reminders.go:42.2,43.16 2 0
github.com/domitara/domitara/apps/api/internal/api/handler/reminders.go:43.16,45.3 1 0
github.com/domitara/domitara/apps/api/internal/api/handler/reminders.go:46.2,47.25 2 0
github.com/domitara/domitara/apps/api/internal/api/handler/reminders.go:47.25,52.3 1 0
github.com/domitara/domitara/apps/api/internal/api/handler/reminders.go:53.2,53.44 1 0
github.com/domitara/domitara/apps/api/internal/api/handler/reminders.go:56.99,58.16 2 0
github.com/domitara/domitara/apps/api/internal/api/handler/reminders.go:58.16,60.3 1 0
github.com/domitara/domitara/apps/api/internal/api/handler/reminders.go:61.2,62.16 2 0
github.com/domitara/domitara/apps/api/internal/api/handler/reminders.go:62.16,64.3 1 0
github.com/domitara/domitara/apps/api/internal/api/handler/reminders.go:65.2,65.12 1 0
github.com/domitara/domitara/apps/api/internal/api/handler/reminders.go:65.12,67.3 1 0
github.com/domitara/domitara/apps/api/internal/api/handler/reminders.go:68.2,68.17 1 0
github.com/domitara/domitara/apps/api/internal/api/handler/reminders.go:71.102,73.16 2 0
github.com/domitara/domitara/apps/api/internal/api/handler/reminders.go:73.16,75.3 1 0
github.com/domitara/domitara/apps/api/internal/api/handler/reminders.go:76.2,80.16 3 0
github.com/domitara/domitara/apps/api/internal/api/handler/reminders.go:80.16,82.3 1 0
github.com/domitara/domitara/apps/api/internal/api/handler/reminders.go:83.2,83.12 1 0
github.com/domitara/domitara/apps/api/internal/api/handler/reminders.go:83.12,85.3 1 0
github.com/domitara/domitara/apps/api/internal/api/handler/reminders.go:86.2,86.17 1 0
github.com/domitara/domitara/apps/api/internal/api/handler/setup.go:22.95,27.2 4 0
github.com/domitara/domitara/apps/api/internal/api/handler/setup.go:38.86,40.16 2 0
github.com/domitara/domitara/apps/api/internal/api/handler/setup.go:40.16,42.3 1 0
github.com/domitara/domitara/apps/api/internal/api/handler/setup.go:43.2,47.19 4 0
github.com/domitara/domitara/apps/api/internal/api/handler/setup.go:47.19,49.3 1 0
github.com/domitara/domitara/apps/api/internal/api/handler/setup.go:51.2,52.16 2 0
github.com/domitara/domitara/apps/api/internal/api/handler/setup.go:52.16,54.3 1 0
github.com/domitara/domitara/apps/api/internal/api/handler/setup.go:56.2,62.16 2 0
github.com/domitara/domitara/apps/api/internal/api/handler/setup.go:62.16,64.3 1 0
github.com/domitara/domitara/apps/api/internal/api/handler/setup.go:66.2,67.20 2 0
github.com/domitara/domitara/apps/api/internal/api/handler/setup.go:67.20,69.3 1 0
github.com/domitara/domitara/apps/api/internal/api/handler/setup.go:70.2,71.16 2 0
github.com/domitara/domitara/apps/api/internal/api/handler/setup.go:71.16,73.3 1 0
github.com/domitara/domitara/apps/api/internal/api/handler/setup.go:75.2,79.17 1 0
github.com/domitara/domitara/apps/api/internal/api/handler/setup.go:79.17,81.3 1 0
github.com/domitara/domitara/apps/api/internal/api/handler/setup.go:83.2,83.46 1 0
github.com/domitara/domitara/apps/api/internal/api/handler/setup.go:83.46,85.3 1 0
github.com/domitara/domitara/apps/api/internal/api/handler/setup.go:87.2,87.38 1 0
github.com/domitara/domitara/apps/api/internal/api/handler/setup.go:87.38,89.3 1 0
github.com/domitara/domitara/apps/api/internal/api/handler/setup.go:91.2,95.16 2 0
github.com/domitara/domitara/apps/api/internal/api/handler/setup.go:95.16,97.3 1 0
github.com/domitara/domitara/apps/api/internal/api/handler/setup.go:99.2,99.49 1 0
github.com/domitara/domitara/apps/api/internal/api/handler/setup.go:99.49,101.3 1 0
github.com/domitara/domitara/apps/api/internal/api/handler/setup.go:102.2,102.51 1 0
github.com/domitara/domitara/apps/api/scripts/migrate/main.go:14.13,18.22 3 0
github.com/domitara/domitara/apps/api/scripts/migrate/main.go:18.22,20.3 1 0
github.com/domitara/domitara/apps/api/scripts/migrate/main.go:22.2,23.17 2 0
github.com/domitara/domitara/apps/api/scripts/migrate/main.go:23.17,25.3 1 0
github.com/domitara/domitara/apps/api/scripts/migrate/main.go:27.2,28.16 2 0
github.com/domitara/domitara/apps/api/scripts/migrate/main.go:28.16,30.3 1 0
github.com/domitara/domitara/apps/api/scripts/migrate/main.go:31.2,33.19 2 0
github.com/domitara/domitara/apps/api/scripts/migrate/main.go:34.12,35.62 1 0
github.com/domitara/domitara/apps/api/scripts/migrate/main.go:35.62,37.4 1 0
github.com/domitara/domitara/apps/api/scripts/migrate/main.go:38.3,38.36 1 0
github.com/domitara/domitara/apps/api/scripts/migrate/main.go:39.14,40.37 1 0
github.com/domitara/domitara/apps/api/scripts/migrate/main.go:40.37,42.4 1 0
github.com/domitara/domitara/apps/api/scripts/migrate/main.go:43.3,43.43 1 0
github.com/domitara/domitara/apps/api/scripts/migrate/main.go:44.10,45.66 1 0
github.com/domitara/domitara/apps/api/internal/api/router.go:25.69,33.30 5 0
github.com/domitara/domitara/apps/api/internal/api/router.go:33.30,35.3 1 0
github.com/domitara/domitara/apps/api/internal/api/router.go:36.2,49.45 5 0
github.com/domitara/domitara/apps/api/internal/api/router.go:49.45,51.3 1 0
github.com/domitara/domitara/apps/api/internal/api/router.go:54.2,56.45 3 0
github.com/domitara/domitara/apps/api/internal/api/router.go:56.45,58.72 2 0
github.com/domitara/domitara/apps/api/internal/api/router.go:58.72,59.73 1 0
github.com/domitara/domitara/apps/api/internal/api/router.go:59.73,61.5 1 0
github.com/domitara/domitara/apps/api/internal/api/router.go:61.10,63.5 1 0
github.com/domitara/domitara/apps/api/internal/api/router.go:67.2,76.49 6 0
github.com/domitara/domitara/apps/api/internal/api/router.go:76.49,79.3 2 0
github.com/domitara/domitara/apps/api/internal/api/router.go:80.2,217.10 78 0
github.com/domitara/domitara/apps/api/internal/api/router.go:221.50,223.71 2 0
github.com/domitara/domitara/apps/api/internal/api/router.go:223.71,225.17 2 0
github.com/domitara/domitara/apps/api/internal/api/router.go:225.17,227.4 1 0
github.com/domitara/domitara/apps/api/internal/api/router.go:227.9,229.4 1 0
github.com/domitara/domitara/apps/api/internal/api/router.go:230.3,230.29 1 0
github.com/domitara/domitara/apps/api/internal/db/db.go:17.57,18.23 1 0
github.com/domitara/domitara/apps/api/internal/db/db.go:18.23,20.3 1 0
github.com/domitara/domitara/apps/api/internal/db/db.go:21.2,22.16 2 0
github.com/domitara/domitara/apps/api/internal/db/db.go:22.16,24.3 1 0
github.com/domitara/domitara/apps/api/internal/db/db.go:25.2,25.56 1 0
github.com/domitara/domitara/apps/api/internal/db/db.go:25.56,27.3 1 0
github.com/domitara/domitara/apps/api/internal/db/db.go:28.2,28.18 1 0
github.com/domitara/domitara/apps/api/internal/db/db.go:31.40,33.16 2 0
github.com/domitara/domitara/apps/api/internal/db/db.go:33.16,35.3 1 0
github.com/domitara/domitara/apps/api/internal/db/db.go:36.2,37.16 2 0
github.com/domitara/domitara/apps/api/internal/db/db.go:37.16,39.3 1 0
github.com/domitara/domitara/apps/api/internal/db/db.go:40.2,41.61 2 0
github.com/domitara/domitara/apps/api/internal/db/db.go:41.61,43.3 1 0
github.com/domitara/domitara/apps/api/internal/db/db.go:44.2,44.12 1 0
github.com/domitara/domitara/apps/api/internal/db/sqlc/db.go:20.28,22.2 1 0
github.com/domitara/domitara/apps/api/internal/db/sqlc/db.go:28.46,32.2 1 0
[...]
github.com/domitara/domitara/apps/api/internal/db/sqlc/homes.sql.go:372.2,372.19 1 0
github.com/domitara/domitara/apps/api/internal/db/sqlc/homes.sql.go:391.101,393.16 2 0
github.com/domitara/domitara/apps/api/internal/db/sqlc/homes.sql.go:393.16,395.3 1 0
github.com/domitara/domitara/apps/api/internal/db/sqlc/homes.sql.go:396.2,398.18 3 0
github.com/domitara/domitara/apps/api/internal/db/sqlc/homes.sql.go:398.18,406.17 2 0
github.com/domitara/domitara/apps/api/internal/db/sqlc/homes.sql.go:406.17,408.4 1 0
github.com/domitara/domitara/apps/api/internal/db/sqlc/homes.sql.go:409.3,409.27 1 0
github.com/domitara/domitara/apps/api/internal/db/sqlc/homes.sql.go:411.2,411.35 1 0
github.com/domitara/domitara/apps/api/internal/db/sqlc/homes.sql.go:411.35,413.3 1 0
github.com/domitara/domitara/apps/api/internal/db/sqlc/homes.sql.go:414.2,414.19 1 0
github.com/domitara/domitara/apps/api/internal/db/sqlc/homes.sql.go:422.91,424.16 2 0
github.com/domitara/domitara/apps/api/internal/db/sqlc/homes.sql.go:424.16,426.3 1 0
github.com/domitara/domitara/apps/api/internal/db/sqlc/homes.sql.go:427.2,429.18 3 0
github.com/domitara/domitara/apps/api/internal/db/sqlc/homes.sql.go:429.18,438.17 2 0
github.com/domitara/domitara/apps/api/internal/db/sqlc/homes.sql.go:438.17,440.4 1 0
github.com/domitara/domitara/apps/api/internal/db/sqlc/homes.sql.go:441.3,441.27 1 0
github.com/domitara/domitara/apps/api/internal/db/sqlc/homes.sql.go:443.2,443.35 1 0
github.com/domitara/domitara/apps/api/internal/db/sqlc/homes.sql.go:443.35,445.3 1 0
github.com/domitara/domitara/apps/api/internal/db/sqlc/homes.sql.go:446.2,446.19 1 0
github.com/domitara/domitara/apps/api/internal/db/sqlc/homes.sql.go:487.102,489.16 2 0
github.com/domitara/domitara/apps/api/internal/db/sqlc/homes.sql.go:489.16,491.3 1 0
github.com/domitara/domitara/apps/api/internal/db/sqlc/homes.sql.go:492.2,494.18 3 0
github.com/domitara/domitara/apps/api/internal/db/sqlc/homes.sql.go:494.18,519.17 2 0
github.com/domitara/domitara/apps/api/internal/db/sqlc/homes.sql.go:519.17,521.4 1 0
github.com/domitara/domitara/apps/api/internal/db/sqlc/homes.sql.go:522.3,522.27 1 0
github.com/domitara/domitara/apps/api/internal/db/sqlc/homes.sql.go:524.2,524.35 1 0
github.com/domitara/domitara/apps/api/internal/db/sqlc/homes.sql.go:524.35,526.3 1 0
github.com/domitara/domitara/apps/api/internal/db/sqlc/homes.sql.go:527.2,527.19 1 0
github.com/domitara/domitara/apps/api/internal/db/sqlc/homes.sql.go:562.79,585.2 2 0
github.com/domitara/domitara/apps/api/internal/db/sqlc/homes.sql.go:597.115,600.2 2 0
github.com/domitara/domitara/apps/api/internal/db/sqlc/homes.sql.go:612.103,615.2 2 0
github.com/domitara/domitara/apps/api/internal/db/sqlc/homes.sql.go:626.97,629.2 2 0
github.com/domitara/domitara/apps/api/internal/db/sqlc/homes.sql.go:642.91,645.2 2 0
github.com/domitara/domitara/apps/api/internal/db/sqlc/items.sql.go:19.69,24.2 4 0
github.com/domitara/domitara/apps/api/internal/db/sqlc/items.sql.go:30.87,35.2 4 0
github.com/domitara/domitara/apps/api/internal/db/sqlc/items.sql.go:61.89,81.2 4 0
github.com/domitara/domitara/apps/api/internal/db/sqlc/items.sql.go:87.68,90.2 2 0
github.com/domitara/domitara/apps/api/internal/db/sqlc/items.sql.go:96.78,99.2 2 0
github.com/domitara/domitara/apps/api/internal/db/sqlc/items.sql.go:110.89,113.2 2 0
github.com/domitara/domitara/apps/api/internal/db/sqlc/items.sql.go:140.79,158.2 2 0
github.com/domitara/domitara/apps/api/internal/db/sqlc/labels.sql.go:18.70,23.2 4 0
github.com/domitara/domitara/apps/api/internal/db/sqlc/labels.sql.go:29.88,34.2 4 0
github.com/domitara/domitara/apps/api/internal/db/sqlc/labels.sql.go:55.99,66.2 4 0
github.com/domitara/domitara/apps/api/internal/db/sqlc/labels.sql.go:72.69,75.2 2 0
github.com/domitara/domitara/apps/api/internal/db/sqlc/labels.sql.go:94.81,106.2 4 0
github.com/domitara/domitara/apps/api/internal/db/sqlc/labels.sql.go:124.82,126.16 2 0
github.com/domitara/domitara/apps/api/internal/db/sqlc/labels.sql.go:126.16,128.3 1 0
github.com/domitara/domitara/apps/api/internal/db/sqlc/labels.sql.go:129.2,131.18 3 0
github.com/domitara/domitara/apps/api/internal/db/sqlc/labels.sql.go:131.18,140.17 2 0
github.com/domitara/domitara/apps/api/internal/db/sqlc/labels.sql.go:140.17,142.4 1 0
github.com/domitara/domitara/apps/api/internal/db/sqlc/labels.sql.go:143.3,143.27 1 0
github.com/domitara/domitara/apps/api/internal/db/sqlc/labels.sql.go:145.2,145.35 1 0
github.com/domitara/domitara/apps/api/internal/db/sqlc/labels.sql.go:145.35,147.3 1 0
github.com/domitara/domitara/apps/api/internal/db/sqlc/labels.sql.go:148.2,148.19 1 0
github.com/domitara/domitara/apps/api/internal/db/sqlc/labels.sql.go:168.103,170.16 2 0
github.com/domitara/domitara/apps/api/internal/db/sqlc/labels.sql.go:170.16,172.3 1 0
github.com/domitara/domitara/apps/api/internal/db/sqlc/labels.sql.go:173.2,175.18 3 0
github.com/domitara/domitara/apps/api/internal/db/sqlc/labels.sql.go:175.18,184.17 2 0
github.com/domitara/domitara/apps/api/internal/db/sqlc/labels.sql.go:184.17,186.4 1 0
github.com/domitara/domitara/apps/api/internal/db/sqlc/labels.sql.go:187.3,187.27 1 0
github.com/domitara/domitara/apps/api/internal/db/sqlc/labels.sql.go:189.2,189.35 1 0
github.com/domitara/domitara/apps/api/internal/db/sqlc/labels.sql.go:189.35,191.3 1 0
github.com/domitara/domitara/apps/api/internal/db/sqlc/labels.sql.go:192.2,192.19 1 0
github.com/domitara/domitara/apps/api/internal/db/sqlc/labels.sql.go:205.81,208.2 2 0
github.com/domitara/domitara/apps/api/internal/db/sqlc/locations.sql.go:18.73,23.2 4 0
github.com/domitara/domitara/apps/api/internal/db/sqlc/locations.sql.go:29.91,34.2 4 0
github.com/domitara/domitara/apps/api/internal/db/sqlc/locations.sql.go:58.108,75.2 4 0
github.com/domitara/domitara/apps/api/internal/db/sqlc/locations.sql.go:81.72,84.2 2 0
github.com/domitara/domitara/apps/api/internal/db/sqlc/locations.sql.go:105.87,118.2 4 0
github.com/domitara/domitara/apps/api/internal/db/sqlc/locations.sql.go:138.88,140.16 2 0
github.com/domitara/domitara/apps/api/internal/db/sqlc/locations.sql.go:140.16,142.3 1 0
github.com/domitara/domitara/apps/api/internal/db/sqlc/locations.sql.go:143.2,145.18 3 0
github.com/domitara/domitara/apps/api/internal/db/sqlc/locations.sql.go:145.18,155.17 2 0
github.com/domitara/domitara/apps/api/internal/db/sqlc/locations.sql.go:155.17,157.4 1 0
github.com/domitara/domitara/apps/api/internal/db/sqlc/locations.sql.go:158.3,158.27 1 0
github.com/domitara/domitara/apps/api/internal/db/sqlc/locations.sql.go:160.2,160.35 1 0
github.com/domitara/domitara/apps/api/internal/db/sqlc/locations.sql.go:160.35,162.3 1 0
github.com/domitara/domitara/apps/api/internal/db/sqlc/locations.sql.go:163.2,163.19 1 0
github.com/domitara/domitara/apps/api/internal/db/sqlc/locations.sql.go:185.109,187.16 2 0
github.com/domitara/domitara/apps/api/internal/db/sqlc/locations.sql.go:187.16,189.3 1 0
github.com/domitara/domitara/apps/api/internal/db/sqlc/locations.sql.go:190.2,192.18 3 0
github.com/domitara/domitara/apps/api/internal/db/sqlc/locations.sql.go:192.18,202.17 2 0
github.com/domitara/domitara/apps/api/internal/db/sqlc/locations.sql.go:202.17,204.4 1 0
github.com/domitara/domitara/apps/api/internal/db/sqlc/locations.sql.go:205.3,205.27 1 0
github.com/domitara/domitara/apps/api/internal/db/sqlc/locations.sql.go:207.2,207.35 1 0
github.com/domitara/domitara/apps/api/internal/db/sqlc/locations.sql.go:207.35,209.3 1 0
github.com/domitara/domitara/apps/api/internal/db/sqlc/locations.sql.go:210.2,210.19 1 0
github.com/domitara/domitara/apps/api/internal/db/sqlc/locations.sql.go:225.87,233.2 2 0
github.com/domitara/domitara/apps/api/internal/db/sqlc/maintenance.sql.go:28.111,31.2 2 0
github.com/domitara/domitara/apps/api/internal/db/sqlc/maintenance.sql.go:61.126,84.2 4 0
github.com/domitara/domitara/apps/api/internal/db/sqlc/maintenance.sql.go:118.141,144.2 4 0
github.com/domitara/domitara/apps/api/internal/db/sqlc/maintenance.sql.go:150.78,153.2 2 0
github.com/domitara/domitara/apps/api/internal/db/sqlc/maintenance.sql.go:159.83,162.2 2 0
github.com/domitara/domitara/apps/api/internal/db/sqlc/maintenance.sql.go:189.119,191.16 2 0
github.com/domitara/domitara/apps/api/internal/db/sqlc/maintenance.sql.go:191.16,193.3 1 0
github.com/domitara/domitara/apps/api/internal/db/sqlc/maintenance.sql.go:194.2,196.18 3 0
github.com/domitara/domitara/apps/api/internal/db/sqlc/maintenance.sql.go:196.18,210.17 2 0
github.com/domitara/domitara/apps/api/internal/db/sqlc/maintenance.sql.go:210.17,212.4 1 0
github.com/domitara/domitara/apps/api/internal/db/sqlc/maintenance.sql.go:213.3,213.27 1 0
github.com/domitara/domitara/apps/api/internal/db/sqlc/maintenance.sql.go:215.2,215.35 1 0
github.com/domitara/domitara/apps/api/internal/db/sqlc/maintenance.sql.go:215.35,217.3 1 0
github.com/domitara/domitara/apps/api/internal/db/sqlc/maintenance.sql.go:218.2,218.19 1 0
github.com/domitara/domitara/apps/api/internal/db/sqlc/maintenance.sql.go:256.141,281.2 4 0
github.com/domitara/domitara/apps/api/internal/db/sqlc/photos.sql.go:24.102,36.2 4 0
github.com/domitara/domitara/apps/api/internal/db/sqlc/photos.sql.go:42.73,45.2 2 0
github.com/domitara/domitara/apps/api/internal/db/sqlc/photos.sql.go:56.109,61.2 4 0
github.com/domitara/domitara/apps/api/internal/db/sqlc/photos.sql.go:68.91,70.16 2 0
github.com/domitara/domitara/apps/api/internal/db/sqlc/photos.sql.go:70.16,72.3 1 0
github.com/domitara/domitara/apps/api/internal/db/sqlc/photos.sql.go:73.2,75.18 3 0
github.com/domitara/domitara/apps/api/internal/db/sqlc/photos.sql.go:75.18,84.17 2 0
github.com/domitara/domitara/apps/api/internal/db/sqlc/photos.sql.go:84.17,86.4 1 0
github.com/domitara/domitara/apps/api/internal/db/sqlc/photos.sql.go:87.3,87.27 1 0
github.com/domitara/domitara/apps/api/internal/db/sqlc/photos.sql.go:89.2,89.35 1 0
github.com/domitara/domitara/apps/api/internal/db/sqlc/photos.sql.go:89.35,91.3 1 0
github.com/domitara/domitara/apps/api/internal/db/sqlc/photos.sql.go:92.2,92.19 1 0
github.com/domitara/domitara/apps/api/internal/db/sqlc/photos.sql.go:104.97,107.2 2 0
github.com/domitara/domitara/apps/api/internal/db/sqlc/reminders.sql.go:19.78,22.2 2 0
github.com/domitara/domitara/apps/api/internal/db/sqlc/reminders.sql.go:34.98,36.16 2 0
github.com/domitara/domitara/apps/api/internal/db/sqlc/reminders.sql.go:36.16,38.3 1 0
github.com/domitara/domitara/apps/api/internal/db/sqlc/reminders.sql.go:39.2,39.35 1 0
github.com/domitara/domitara/apps/api/internal/db/sqlc/reminders.sql.go:61.96,63.16 2 0
github.com/domitara/domitara/apps/api/internal/db/sqlc/reminders.sql.go:63.16,65.3 1 0
github.com/domitara/domitara/apps/api/internal/db/sqlc/reminders.sql.go:66.2,68.18 3 0
github.com/domitara/domitara/apps/api/internal/db/sqlc/reminders.sql.go:68.18,78.17 2 0
github.com/domitara/domitara/apps/api/internal/db/sqlc/reminders.sql.go:78.17,80.4 1 0
github.com/domitara/domitara/apps/api/internal/db/sqlc/reminders.sql.go:81.3,81.27 1 0
github.com/domitara/domitara/apps/api/internal/db/sqlc/reminders.sql.go:83.2,83.35 1 0
github.com/domitara/domitara/apps/api/internal/db/sqlc/reminders.sql.go:83.35,85.3 1 0
github.com/domitara/domitara/apps/api/internal/db/sqlc/reminders.sql.go:86.2,86.19 1 0
github.com/domitara/domitara/apps/api/internal/db/sqlc/reminders.sql.go:100.96,102.16 2 0
github.com/domitara/domitara/apps/api/internal/db/sqlc/reminders.sql.go:102.16,104.3 1 0
github.com/domitara/domitara/apps/api/internal/db/sqlc/reminders.sql.go:105.2,105.35 1 0
github.com/domitara/domitara/apps/api/internal/db/sqlc/reminders.sql.go:124.87,133.2 2 0
github.com/domitara/domitara/apps/api/internal/db/sqlc/system_settings.sql.go:16.60,19.2 2 0
github.com/domitara/domitara/apps/api/internal/db/sqlc/system_settings.sql.go:25.70,30.2 4 0
github.com/domitara/domitara/apps/api/internal/db/sqlc/system_settings.sql.go:36.79,41.2 4 0
github.com/domitara/domitara/apps/api/internal/db/sqlc/users.sql.go:25.87,43.2 4 0
github.com/domitara/domitara/apps/api/internal/db/sqlc/users.sql.go:49.67,52.2 2 0
github.com/domitara/domitara/apps/api/internal/db/sqlc/users.sql.go:58.72,71.2 4 0
github.com/domitara/domitara/apps/api/internal/db/sqlc/users.sql.go:77.83,90.2 4 0
github.com/domitara/domitara/apps/api/internal/db/sqlc/users.sql.go:96.86,101.2 4 0
github.com/domitara/domitara/apps/api/internal/db/sqlc/users.sql.go:107.66,109.16 2 0
github.com/domitara/domitara/apps/api/internal/db/sqlc/users.sql.go:109.16,111.3 1 0
github.com/domitara/domitara/apps/api/internal/db/sqlc/users.sql.go:112.2,114.18 3 0
github.com/domitara/domitara/apps/api/internal/db/sqlc/users.sql.go:114.18,124.17 2 0
github.com/domitara/domitara/apps/api/internal/db/sqlc/users.sql.go:124.17,126.4 1 0
github.com/domitara/domitara/apps/api/internal/db/sqlc/users.sql.go:127.3,127.27 1 0
github.com/domitara/domitara/apps/api/internal/db/sqlc/users.sql.go:129.2,129.35 1 0
github.com/domitara/domitara/apps/api/internal/db/sqlc/users.sql.go:129.35,131.3 1 0
github.com/domitara/domitara/apps/api/internal/db/sqlc/users.sql.go:132.2,132.19 1 0
github.com/domitara/domitara/apps/api/internal/db/sqlc/users.sql.go:146.87,159.2 4 0
github.com/domitara/domitara/apps/api/internal/db/sqlc/users.sql.go:170.103,173.2 2 0
github.com/domitara/domitara/apps/api/internal/db/sqlc/users.sql.go:184.87,187.2 2 0
github.com/domitara/domitara/apps/api/cmd/server/main.go:20.13,24.16 3 0
github.com/domitara/domitara/apps/api/cmd/server/main.go:24.16,26.3 1 0
github.com/domitara/domitara/apps/api/cmd/server/main.go:28.2,28.52 1 0
github.com/domitara/domitara/apps/api/cmd/server/main.go:28.52,30.3 1 0
github.com/domitara/domitara/apps/api/cmd/server/main.go:32.2,33.16 2 0
github.com/domitara/domitara/apps/api/cmd/server/main.go:33.16,35.3 1 0
github.com/domitara/domitara/apps/api/cmd/server/main.go:36.2,52.12 7 0
github.com/domitara/domitara/apps/api/cmd/server/main.go:52.12,54.77 2 0
github.com/domitara/domitara/apps/api/cmd/server/main.go:54.77,56.4 1 0
github.com/domitara/domitara/apps/api/cmd/server/main.go:59.2,65.42 6 0
github.com/domitara/domitara/apps/api/cmd/server/main.go:65.42,67.3 1 0
github.com/domitara/domitara/apps/api/internal/scheduler/scheduler.go:27.70,31.4 3 0
github.com/domitara/domitara/apps/api/internal/scheduler/scheduler.go:38.70,42.4 3 0
github.com/domitara/domitara/apps/api/internal/scheduler/scheduler.go:49.70,56.4 3 0
github.com/domitara/domitara/apps/api/internal/scheduler/scheduler.go:63.70,70.4 3 0
github.com/domitara/domitara/apps/api/internal/scheduler/scheduler.go:79.41,81.2 1 0
github.com/domitara/domitara/apps/api/internal/scheduler/scheduler.go:83.29,87.2 3 0
github.com/domitara/domitara/apps/api/internal/scheduler/scheduler.go:89.28,91.2 1 0
github.com/domitara/domitara/apps/api/internal/scheduler/scheduler.go:93.27,97.16 3 0
github.com/domitara/domitara/apps/api/internal/scheduler/scheduler.go:97.16,100.3 2 0
github.com/domitara/domitara/apps/api/internal/scheduler/scheduler.go:101.2,102.18 2 0
github.com/domitara/domitara/apps/api/internal/scheduler/scheduler.go:102.18,104.40 2 0
github.com/domitara/domitara/apps/api/internal/scheduler/scheduler.go:104.40,108.4 3 0
github.com/domitara/domitara/apps/api/internal/scheduler/scheduler.go:109.3,109.32 1 0
github.com/domitara/domitara/apps/api/internal/scheduler/scheduler.go:111.2,113.34 2 0
github.com/domitara/domitara/apps/api/internal/scheduler/scheduler.go:113.34,115.17 2 0
github.com/domitara/domitara/apps/api/internal/scheduler/scheduler.go:115.17,117.12 2 0
github.com/domitara/domitara/apps/api/internal/scheduler/scheduler.go:120.3,120.31 1 0
github.com/domitara/domitara/apps/api/internal/scheduler/scheduler.go:120.31,121.14 1 0
github.com/domitara/domitara/apps/api/internal/scheduler/scheduler.go:121.14,127.5 1 0
github.com/domitara/domitara/apps/api/internal/scheduler/scheduler.go:127.10,132.5 1 0
github.com/domitara/domitara/apps/api/internal/scheduler/scheduler.go:133.4,133.18 1 0
github.com/domitara/domitara/apps/api/internal/scheduler/scheduler.go:133.18,135.5 1 0
github.com/domitara/domitara/apps/api/internal/scheduler/scheduler.go:139.2,139.29 1 0
github.com/domitara/domitara/apps/api/internal/scheduler/scheduler.go:142.63,156.16 3 0
github.com/domitara/domitara/apps/api/internal/scheduler/scheduler.go:156.16,159.3 2 0
github.com/domitara/domitara/apps/api/internal/scheduler/scheduler.go:160.2,161.18 2 0
github.com/domitara/domitara/apps/api/internal/scheduler/scheduler.go:161.18,163.95 2 0
github.com/domitara/domitara/apps/api/internal/scheduler/scheduler.go:163.95,167.4 3 0
github.com/domitara/domitara/apps/api/internal/scheduler/scheduler.go:168.3,168.36 1 0
github.com/domitara/domitara/apps/api/internal/scheduler/scheduler.go:170.2,173.16 3 0
github.com/domitara/domitara/apps/api/internal/scheduler/scheduler.go:173.16,176.3 2 0
github.com/domitara/domitara/apps/api/internal/scheduler/scheduler.go:177.2,178.24 2 0
github.com/domitara/domitara/apps/api/internal/scheduler/scheduler.go:178.24,181.59 3 0
github.com/domitara/domitara/apps/api/internal/scheduler/scheduler.go:181.59,185.4 3 0
github.com/domitara/domitara/apps/api/internal/scheduler/scheduler.go:186.3,186.60 1 0
github.com/domitara/domitara/apps/api/internal/scheduler/scheduler.go:188.2,193.31 4 0
github.com/domitara/domitara/apps/api/internal/scheduler/scheduler.go:193.31,200.14 6 0
github.com/domitara/domitara/apps/api/internal/scheduler/scheduler.go:200.14,204.26 4 0
github.com/domitara/domitara/apps/api/internal/scheduler/scheduler.go:204.26,206.5 1 0
github.com/domitara/domitara/apps/api/internal/scheduler/scheduler.go:206.10,208.5 1 0
github.com/domitara/domitara/apps/api/internal/scheduler/scheduler.go:209.9,209.21 1 0
github.com/domitara/domitara/apps/api/internal/scheduler/scheduler.go:209.21,213.26 4 0
github.com/domitara/domitara/apps/api/internal/scheduler/scheduler.go:213.26,215.5 1 0
github.com/domitara/domitara/apps/api/internal/scheduler/scheduler.go:215.10,217.5 1 0
github.com/domitara/domitara/apps/api/internal/scheduler/scheduler.go:220.3,220.46 1 0
github.com/domitara/domitara/apps/api/internal/scheduler/scheduler.go:220.46,222.20 2 0
github.com/domitara/domitara/apps/api/internal/scheduler/scheduler.go:222.20,235.5 1 0
github.com/domitara/domitara/apps/api/internal/scheduler/scheduler.go:235.10,239.5 1 0
github.com/domitara/domitara/apps/api/internal/scheduler/scheduler.go:240.4,240.22 1 0
github.com/domitara/domitara/apps/api/internal/scheduler/scheduler.go:240.22,242.5 1 0
github.com/domitara/domitara/apps/api/internal/scheduler/scheduler.go:247.2,254.17 1 0
github.com/domitara/domitara/apps/api/internal/scheduler/scheduler.go:254.17,256.3 1 0
github.com/domitara/domitara/apps/api/internal/config/config.go:19.30,21.16 2 0
github.com/domitara/domitara/apps/api/internal/config/config.go:21.16,23.3 1 0
github.com/domitara/domitara/apps/api/internal/config/config.go:24.2,26.22 3 0
github.com/domitara/domitara/apps/api/internal/config/config.go:26.22,28.3 1 0
github.com/domitara/domitara/apps/api/internal/config/config.go:29.2,30.17 2 0
github.com/domitara/domitara/apps/api/internal/config/config.go:30.17,32.3 1 0
github.com/domitara/domitara/apps/api/internal/config/config.go:33.2,34.51 2 0
github.com/domitara/domitara/apps/api/internal/config/config.go:34.51,36.3 1 0
github.com/domitara/domitara/apps/api/internal/config/config.go:36.8,36.25 1 0
github.com/domitara/domitara/apps/api/internal/config/config.go:36.25,38.3 1 0
github.com/domitara/domitara/apps/api/internal/config/config.go:40.2,49.8 1 0
github.com/domitara/domitara/apps/api/internal/config/config.go:52.42,53.34 1 0
github.com/domitara/domitara/apps/api/internal/config/config.go:53.34,55.3 1 0
github.com/domitara/domitara/apps/api/internal/config/config.go:56.2,56.17 1 0
github.com/domitara/domitara/apps/api/internal/web/embed.go:13.27,15.16 2 0
github.com/domitara/domitara/apps/api/internal/web/embed.go:15.16,16.13 1 0
github.com/domitara/domitara/apps/api/internal/web/embed.go:18.2,18.21 1 0
